<?xml version="1.0" encoding="UTF-8"?>
<testng-results ignored="0" total="1" passed="0" failed="1" skipped="0">
  <reporter-output>
  </reporter-output>
  <suite started-at="2022-10-17T05:39:41Z" name="Default suite" finished-at="2022-10-17T05:42:05Z" duration-ms="143449">
    <groups>
    </groups>
    <test started-at="2022-10-17T05:39:41Z" name="Default test" finished-at="2022-10-17T05:42:05Z" duration-ms="143449">
      <class name="Main.Run">
        <test-method is-config="true" signature="dashboard()[pri:0, instance:Main.Run@35fe2125]" started-at="2022-10-17T05:39:41Z" name="dashboard" finished-at="2022-10-17T05:39:50Z" duration-ms="9090" status="PASS">
          <reporter-output>
          </reporter-output>
        </test-method> <!-- dashboard -->
        <test-method signature="dash1()[pri:0, instance:Main.Run@35fe2125]" started-at="2022-10-17T05:39:51Z" name="dash1" finished-at="2022-10-17T05:42:05Z" duration-ms="134190" status="FAIL">
          <exception class="org.openqa.selenium.NoSuchElementException">
            <message>
              <![CDATA[no such element: Unable to locate element: {"method":"css selector","selector":"#TWMonthSalary"}
  (Session info: chrome=106.0.5249.119)
For documentation on this error, please visit: http://seleniumhq.org/exceptions/no_such_element.html
Build info: version: '3.5.3', revision: 'a88d25fe6b', time: '2017-08-29T12:42:44.417Z'
System info: host: 'DIGITAL-0129', ip: '172.23.4.254', os.name: 'Windows 10', os.arch: 'amd64', os.version: '10.0', java.version: '17.0.3'
Driver info: org.openqa.selenium.chrome.ChromeDriver
Capabilities [{networkConnectionEnabled=false, chrome={chromedriverVersion=106.0.5249.61 (511755355844955cd3e264779baf0dd38212a4d0-refs/branch-heads/5249@{#569}), userDataDir=C:\Users\v802\AppData\Local\Temp\scoped_dir20192_263934419}, timeouts={implicit=0, pageLoad=300000, script=30000}, pageLoadStrategy=normal, unhandledPromptBehavior=dismiss and notify, strictFileInteractability=false, platform=XP, proxy=Proxy(), goog:chromeOptions={debuggerAddress=localhost:56741}, webauthn:extension:credBlob=true, acceptInsecureCerts=false, browserVersion=106.0.5249.119, browserName=chrome, javascriptEnabled=true, platformName=XP, setWindowRect=true, webauthn:extension:largeBlob=true, webauthn:virtualAuthenticators=true}]
Session ID: 40c163b6819606b0eee96afc4aeca46f
*** Element info: {Using=id, value=TWMonthSalary}]]>
            </message>
            <full-stacktrace>
              <![CDATA[org.openqa.selenium.NoSuchElementException: no such element: Unable to locate element: {"method":"css selector","selector":"#TWMonthSalary"}
  (Session info: chrome=106.0.5249.119)
For documentation on this error, please visit: http://seleniumhq.org/exceptions/no_such_element.html
Build info: version: '3.5.3', revision: 'a88d25fe6b', time: '2017-08-29T12:42:44.417Z'
System info: host: 'DIGITAL-0129', ip: '172.23.4.254', os.name: 'Windows 10', os.arch: 'amd64', os.version: '10.0', java.version: '17.0.3'
Driver info: org.openqa.selenium.chrome.ChromeDriver
Capabilities [{networkConnectionEnabled=false, chrome={chromedriverVersion=106.0.5249.61 (511755355844955cd3e264779baf0dd38212a4d0-refs/branch-heads/5249@{#569}), userDataDir=C:\Users\v802\AppData\Local\Temp\scoped_dir20192_263934419}, timeouts={implicit=0, pageLoad=300000, script=30000}, pageLoadStrategy=normal, unhandledPromptBehavior=dismiss and notify, strictFileInteractability=false, platform=XP, proxy=Proxy(), goog:chromeOptions={debuggerAddress=localhost:56741}, webauthn:extension:credBlob=true, acceptInsecureCerts=false, browserVersion=106.0.5249.119, browserName=chrome, javascriptEnabled=true, platformName=XP, setWindowRect=true, webauthn:extension:largeBlob=true, webauthn:virtualAuthenticators=true}]
Session ID: 40c163b6819606b0eee96afc4aeca46f
*** Element info: {Using=id, value=TWMonthSalary}
at jdk.internal.reflect.GeneratedConstructorAccessor18.newInstance(Unknown Source)
at java.base/jdk.internal.reflect.DelegatingConstructorAccessorImpl.newInstance(DelegatingConstructorAccessorImpl.java:45)
at java.base/java.lang.reflect.Constructor.newInstanceWithCaller(Constructor.java:499)
at java.base/java.lang.reflect.Constructor.newInstance(Constructor.java:480)
at org.openqa.selenium.remote.http.W3CHttpResponseCodec.createException(W3CHttpResponseCodec.java:185)
at org.openqa.selenium.remote.http.W3CHttpResponseCodec.decode(W3CHttpResponseCodec.java:120)
at org.openqa.selenium.remote.http.W3CHttpResponseCodec.decode(W3CHttpResponseCodec.java:49)
at org.openqa.selenium.remote.HttpCommandExecutor.execute(HttpCommandExecutor.java:164)
at org.openqa.selenium.remote.service.DriverCommandExecutor.execute(DriverCommandExecutor.java:82)
at org.openqa.selenium.remote.RemoteWebDriver.execute(RemoteWebDriver.java:646)
at org.openqa.selenium.remote.RemoteWebDriver.findElement(RemoteWebDriver.java:416)
at org.openqa.selenium.remote.RemoteWebDriver.findElementById(RemoteWebDriver.java:462)
at org.openqa.selenium.By$ById.findElement(By.java:218)
at org.openqa.selenium.remote.RemoteWebDriver.findElement(RemoteWebDriver.java:408)
at org.openqa.selenium.support.pagefactory.DefaultElementLocator.findElement(DefaultElementLocator.java:69)
at org.openqa.selenium.support.pagefactory.internal.LocatingElementHandler.invoke(LocatingElementHandler.java:38)
at jdk.proxy2/jdk.proxy2.$Proxy15.sendKeys(Unknown Source)
at Main.Run.dash1(Run.java:137)
at java.base/jdk.internal.reflect.NativeMethodAccessorImpl.invoke0(Native Method)
at java.base/jdk.internal.reflect.NativeMethodAccessorImpl.invoke(NativeMethodAccessorImpl.java:77)
at java.base/jdk.internal.reflect.DelegatingMethodAccessorImpl.invoke(DelegatingMethodAccessorImpl.java:43)
at java.base/java.lang.reflect.Method.invoke(Method.java:568)
at org.testng.internal.MethodInvocationHelper.invokeMethod(MethodInvocationHelper.java:124)
at org.testng.internal.Invoker.invokeMethod(Invoker.java:583)
at org.testng.internal.Invoker.invokeTestMethod(Invoker.java:719)
at org.testng.internal.Invoker.invokeTestMethods(Invoker.java:989)
at org.testng.internal.TestMethodWorker.invokeTestMethods(TestMethodWorker.java:125)
at org.testng.internal.TestMethodWorker.run(TestMethodWorker.java:109)
at org.testng.TestRunner.privateRun(TestRunner.java:648)
at org.testng.TestRunner.run(TestRunner.java:505)
at org.testng.SuiteRunner.runTest(SuiteRunner.java:455)
at org.testng.SuiteRunner.runSequentially(SuiteRunner.java:450)
at org.testng.SuiteRunner.privateRun(SuiteRunner.java:415)
at org.testng.SuiteRunner.run(SuiteRunner.java:364)
at org.testng.SuiteRunnerWorker.runSuite(SuiteRunnerWorker.java:52)
at org.testng.SuiteRunnerWorker.run(SuiteRunnerWorker.java:84)
at org.testng.TestNG.runSuitesSequentially(TestNG.java:1208)
at org.testng.TestNG.runSuitesLocally(TestNG.java:1137)
at org.testng.TestNG.runSuites(TestNG.java:1049)
at org.testng.TestNG.run(TestNG.java:1017)
at org.testng.remote.AbstractRemoteTestNG.run(AbstractRemoteTestNG.java:115)
at org.testng.remote.RemoteTestNG.initAndRun(RemoteTestNG.java:251)
at org.testng.remote.RemoteTestNG.main(RemoteTestNG.java:77)
]]>
            </full-stacktrace>
          </exception> <!-- org.openqa.selenium.NoSuchElementException -->
          <reporter-output>
          </reporter-output>
        </test-method> <!-- dash1 -->
      </class> <!-- Main.Run -->
    </test> <!-- Default test -->
  </suite> <!-- Default suite -->
</testng-results>
