<?xml version="1.0" encoding="UTF-8"?>
<testng-results ignored="0" total="5" passed="0" failed="5" skipped="0">
  <reporter-output>
  </reporter-output>
  <suite started-at="2022-08-04T04:39:29Z" name="Default suite" finished-at="2022-08-04T04:40:20Z" duration-ms="51223">
    <groups>
    </groups>
    <test started-at="2022-08-04T04:39:29Z" name="Default test" finished-at="2022-08-04T04:40:20Z" duration-ms="51223">
      <class name="Runclass.Execution">
        <test-method is-config="true" signature="startTest()[pri:0, instance:Runclass.Execution@162be91c]" started-at="2022-08-04T04:37:12Z" name="startTest" finished-at="2022-08-04T04:39:29Z" duration-ms="137500" status="PASS">
          <reporter-output>
          </reporter-output>
        </test-method> <!-- startTest -->
        <test-method signature="testcase(java.lang.String, java.lang.String, java.lang.String, java.lang.String, java.lang.String, java.lang.String, java.lang.String, java.lang.String, java.lang.String, java.lang.String, java.lang.String, java.lang.String, java.lang.String, java.lang.String, java.lang.String, java.lang.String, java.lang.String, java.lang.String, java.lang.String, java.lang.String, java.lang.String)[pri:0, instance:Runclass.Execution@162be91c]" started-at="2022-08-04T04:39:32Z" name="testcase" data-provider="getTestData" finished-at="2022-08-04T04:40:19Z" duration-ms="47100" status="FAIL">
          <params>
            <param index="0">
              <value>
                <![CDATA[9158795479]]>
              </value>
            </param>
            <param index="1">
              <value>
                <![CDATA[1]]>
              </value>
            </param>
            <param index="2">
              <value>
                <![CDATA[1]]>
              </value>
            </param>
            <param index="3">
              <value>
                <![CDATA[1]]>
              </value>
            </param>
            <param index="4">
              <value>
                <![CDATA[1]]>
              </value>
            </param>
            <param index="5">
              <value>
                <![CDATA[1]]>
              </value>
            </param>
            <param index="6">
              <value>
                <![CDATA[1]]>
              </value>
            </param>
            <param index="7">
              <value>
                <![CDATA[600003]]>
              </value>
            </param>
            <param index="8">
              <value>
                <![CDATA[BADPV0447C]]>
              </value>
            </param>
            <param index="9">
              <value>
                <![CDATA[Krish]]>
              </value>
            </param>
            <param index="10">
              <value>
                <![CDATA[1999]]>
              </value>
            </param>
            <param index="11">
              <value>
                <![CDATA[Aug]]>
              </value>
            </param>
            <param index="12">
              <value>
                <![CDATA[Male]]>
              </value>
            </param>
            <param index="13">
              <value>
                <![CDATA[Vasudevan K]]>
              </value>
            </param>
            <param index="14">
              <value>
                <![CDATA[vigneshv151197@gmail.com]]>
              </value>
            </param>
            <param index="15">
              <value>
                <![CDATA[Rented with Friends]]>
              </value>
            </param>
            <param index="16">
              <value>
                <![CDATA[7-12 Months]]>
              </value>
            </param>
            <param index="17">
              <value>
                <![CDATA[Self Employed Professional]]>
              </value>
            </param>
            <param index="18">
              <value>
                <![CDATA[100000.0]]>
              </value>
            </param>
            <param index="19">
              <value>
                <![CDATA[HERO MOTOR CORP]]>
              </value>
            </param>
            <param index="20">
              <value>
                <![CDATA[DESTINI 125 FI VX BS6]]>
              </value>
            </param>
          </params>
          <exception class="org.openqa.selenium.NoSuchElementException">
            <message>
              <![CDATA[Cannot locate element with text: DESTINI 125 FI VX BS6
For documentation on this error, please visit: http://seleniumhq.org/exceptions/no_such_element.html
Build info: version: '3.5.3', revision: 'a88d25fe6b', time: '2017-08-29T12:42:44.417Z'
System info: host: 'DIGITAL-0129', ip: '172.23.4.254', os.name: 'Windows 10', os.arch: 'amd64', os.version: '10.0', java.version: '17.0.3'
Driver info: driver.version: unknown]]>
            </message>
            <full-stacktrace>
              <![CDATA[org.openqa.selenium.NoSuchElementException: Cannot locate element with text: DESTINI 125 FI VX BS6
For documentation on this error, please visit: http://seleniumhq.org/exceptions/no_such_element.html
Build info: version: '3.5.3', revision: 'a88d25fe6b', time: '2017-08-29T12:42:44.417Z'
System info: host: 'DIGITAL-0129', ip: '172.23.4.254', os.name: 'Windows 10', os.arch: 'amd64', os.version: '10.0', java.version: '17.0.3'
Driver info: driver.version: unknown
at org.openqa.selenium.support.ui.Select.selectByVisibleText(Select.java:151)
at Runclass.Execution.testcase(Execution.java:169)
at java.base/jdk.internal.reflect.NativeMethodAccessorImpl.invoke0(Native Method)
at java.base/jdk.internal.reflect.NativeMethodAccessorImpl.invoke(NativeMethodAccessorImpl.java:77)
at java.base/jdk.internal.reflect.DelegatingMethodAccessorImpl.invoke(DelegatingMethodAccessorImpl.java:43)
at java.base/java.lang.reflect.Method.invoke(Method.java:568)
at org.testng.internal.MethodInvocationHelper.invokeMethod(MethodInvocationHelper.java:124)
at org.testng.internal.Invoker.invokeMethod(Invoker.java:583)
at org.testng.internal.Invoker.invokeTestMethod(Invoker.java:719)
at org.testng.internal.Invoker.invokeTestMethods(Invoker.java:989)
at org.testng.internal.TestMethodWorker.invokeTestMethods(TestMethodWorker.java:125)
at org.testng.internal.TestMethodWorker.run(TestMethodWorker.java:109)
at org.testng.TestRunner.privateRun(TestRunner.java:648)
at org.testng.TestRunner.run(TestRunner.java:505)
at org.testng.SuiteRunner.runTest(SuiteRunner.java:455)
at org.testng.SuiteRunner.runSequentially(SuiteRunner.java:450)
at org.testng.SuiteRunner.privateRun(SuiteRunner.java:415)
at org.testng.SuiteRunner.run(SuiteRunner.java:364)
at org.testng.SuiteRunnerWorker.runSuite(SuiteRunnerWorker.java:52)
at org.testng.SuiteRunnerWorker.run(SuiteRunnerWorker.java:84)
at org.testng.TestNG.runSuitesSequentially(TestNG.java:1208)
at org.testng.TestNG.runSuitesLocally(TestNG.java:1137)
at org.testng.TestNG.runSuites(TestNG.java:1049)
at org.testng.TestNG.run(TestNG.java:1017)
at org.testng.remote.AbstractRemoteTestNG.run(AbstractRemoteTestNG.java:115)
at org.testng.remote.RemoteTestNG.initAndRun(RemoteTestNG.java:251)
at org.testng.remote.RemoteTestNG.main(RemoteTestNG.java:77)
]]>
            </full-stacktrace>
          </exception> <!-- org.openqa.selenium.NoSuchElementException -->
          <reporter-output>
          </reporter-output>
        </test-method> <!-- testcase -->
        <test-method signature="testcase(java.lang.String, java.lang.String, java.lang.String, java.lang.String, java.lang.String, java.lang.String, java.lang.String, java.lang.String, java.lang.String, java.lang.String, java.lang.String, java.lang.String, java.lang.String, java.lang.String, java.lang.String, java.lang.String, java.lang.String, java.lang.String, java.lang.String, java.lang.String, java.lang.String)[pri:0, instance:Runclass.Execution@162be91c]" started-at="2022-08-04T04:40:20Z" name="testcase" data-provider="getTestData" finished-at="2022-08-04T04:40:20Z" duration-ms="70" status="FAIL">
          <params>
            <param index="0">
              <value>
                <![CDATA[9158795376]]>
              </value>
            </param>
            <param index="1">
              <value>
                <![CDATA[1]]>
              </value>
            </param>
            <param index="2">
              <value>
                <![CDATA[1]]>
              </value>
            </param>
            <param index="3">
              <value>
                <![CDATA[1]]>
              </value>
            </param>
            <param index="4">
              <value>
                <![CDATA[1]]>
              </value>
            </param>
            <param index="5">
              <value>
                <![CDATA[1]]>
              </value>
            </param>
            <param index="6">
              <value>
                <![CDATA[1]]>
              </value>
            </param>
            <param index="7">
              <value>
                <![CDATA[600003]]>
              </value>
            </param>
            <param index="8">
              <value>
                <![CDATA[ATGPT2841R]]>
              </value>
            </param>
            <param index="9">
              <value>
                <![CDATA[Thirumal]]>
              </value>
            </param>
            <param index="10">
              <value>
                <![CDATA[1998]]>
              </value>
            </param>
            <param index="11">
              <value>
                <![CDATA[Aug]]>
              </value>
            </param>
            <param index="12">
              <value>
                <![CDATA[Male]]>
              </value>
            </param>
            <param index="13">
              <value>
                <![CDATA[Kiran]]>
              </value>
            </param>
            <param index="14">
              <value>
                <![CDATA[fghfh@gmail.com]]>
              </value>
            </param>
            <param index="15">
              <value>
                <![CDATA[Rented with Friends]]>
              </value>
            </param>
            <param index="16">
              <value>
                <![CDATA[7-12 Months]]>
              </value>
            </param>
            <param index="17">
              <value>
                <![CDATA[Self Employed Professional]]>
              </value>
            </param>
            <param index="18">
              <value>
                <![CDATA[100000.0]]>
              </value>
            </param>
            <param index="19">
              <value>
                <![CDATA[ROYAL ENFIELD]]>
              </value>
            </param>
            <param index="20">
              <value>
                <![CDATA[IMPERIALE 400 RED/BLACK/SILVER]]>
              </value>
            </param>
          </params>
          <exception class="org.openqa.selenium.NoSuchElementException">
            <message>
              <![CDATA[no such element: Unable to locate element: {"method":"xpath","selector":"//label[@for='TWMobile']"}
  (Session info: chrome=103.0.5060.134)
For documentation on this error, please visit: http://seleniumhq.org/exceptions/no_such_element.html
Build info: version: '3.5.3', revision: 'a88d25fe6b', time: '2017-08-29T12:42:44.417Z'
System info: host: 'DIGITAL-0129', ip: '172.23.4.254', os.name: 'Windows 10', os.arch: 'amd64', os.version: '10.0', java.version: '17.0.3'
Driver info: org.openqa.selenium.chrome.ChromeDriver
Capabilities [{networkConnectionEnabled=false, chrome={chromedriverVersion=103.0.5060.134 (8ec6fce403b3feb0869b0732eda8bd95011d333c-refs/branch-heads/5060@{#1262}), userDataDir=C:\Users\v802\AppData\Local\Temp\scoped_dir20556_994134010}, timeouts={implicit=0, pageLoad=300000, script=30000}, pageLoadStrategy=normal, unhandledPromptBehavior=dismiss and notify, strictFileInteractability=false, platform=XP, proxy=Proxy(), goog:chromeOptions={debuggerAddress=localhost:59665}, webauthn:extension:credBlob=true, acceptInsecureCerts=false, browserVersion=103.0.5060.134, browserName=chrome, javascriptEnabled=true, platformName=XP, setWindowRect=true, webauthn:extension:largeBlob=true, webauthn:virtualAuthenticators=true}]
Session ID: 7696a457839c314df5a22b474601ef0c
*** Element info: {Using=xpath, value=//label[@for='TWMobile']}]]>
            </message>
            <full-stacktrace>
              <![CDATA[org.openqa.selenium.NoSuchElementException: no such element: Unable to locate element: {"method":"xpath","selector":"//label[@for='TWMobile']"}
  (Session info: chrome=103.0.5060.134)
For documentation on this error, please visit: http://seleniumhq.org/exceptions/no_such_element.html
Build info: version: '3.5.3', revision: 'a88d25fe6b', time: '2017-08-29T12:42:44.417Z'
System info: host: 'DIGITAL-0129', ip: '172.23.4.254', os.name: 'Windows 10', os.arch: 'amd64', os.version: '10.0', java.version: '17.0.3'
Driver info: org.openqa.selenium.chrome.ChromeDriver
Capabilities [{networkConnectionEnabled=false, chrome={chromedriverVersion=103.0.5060.134 (8ec6fce403b3feb0869b0732eda8bd95011d333c-refs/branch-heads/5060@{#1262}), userDataDir=C:\Users\v802\AppData\Local\Temp\scoped_dir20556_994134010}, timeouts={implicit=0, pageLoad=300000, script=30000}, pageLoadStrategy=normal, unhandledPromptBehavior=dismiss and notify, strictFileInteractability=false, platform=XP, proxy=Proxy(), goog:chromeOptions={debuggerAddress=localhost:59665}, webauthn:extension:credBlob=true, acceptInsecureCerts=false, browserVersion=103.0.5060.134, browserName=chrome, javascriptEnabled=true, platformName=XP, setWindowRect=true, webauthn:extension:largeBlob=true, webauthn:virtualAuthenticators=true}]
Session ID: 7696a457839c314df5a22b474601ef0c
*** Element info: {Using=xpath, value=//label[@for='TWMobile']}
at java.base/jdk.internal.reflect.NativeConstructorAccessorImpl.newInstance0(Native Method)
at java.base/jdk.internal.reflect.NativeConstructorAccessorImpl.newInstance(NativeConstructorAccessorImpl.java:77)
at java.base/jdk.internal.reflect.DelegatingConstructorAccessorImpl.newInstance(DelegatingConstructorAccessorImpl.java:45)
at java.base/java.lang.reflect.Constructor.newInstanceWithCaller(Constructor.java:499)
at java.base/java.lang.reflect.Constructor.newInstance(Constructor.java:480)
at org.openqa.selenium.remote.http.W3CHttpResponseCodec.createException(W3CHttpResponseCodec.java:185)
at org.openqa.selenium.remote.http.W3CHttpResponseCodec.decode(W3CHttpResponseCodec.java:120)
at org.openqa.selenium.remote.http.W3CHttpResponseCodec.decode(W3CHttpResponseCodec.java:49)
at org.openqa.selenium.remote.HttpCommandExecutor.execute(HttpCommandExecutor.java:164)
at org.openqa.selenium.remote.service.DriverCommandExecutor.execute(DriverCommandExecutor.java:82)
at org.openqa.selenium.remote.RemoteWebDriver.execute(RemoteWebDriver.java:646)
at org.openqa.selenium.remote.RemoteWebDriver.findElement(RemoteWebDriver.java:416)
at org.openqa.selenium.remote.RemoteWebDriver.findElementByXPath(RemoteWebDriver.java:518)
at org.openqa.selenium.By$ByXPath.findElement(By.java:361)
at org.openqa.selenium.remote.RemoteWebDriver.findElement(RemoteWebDriver.java:408)
at Runclass.Execution.testcase(Execution.java:43)
at java.base/jdk.internal.reflect.NativeMethodAccessorImpl.invoke0(Native Method)
at java.base/jdk.internal.reflect.NativeMethodAccessorImpl.invoke(NativeMethodAccessorImpl.java:77)
at java.base/jdk.internal.reflect.DelegatingMethodAccessorImpl.invoke(DelegatingMethodAccessorImpl.java:43)
at java.base/java.lang.reflect.Method.invoke(Method.java:568)
at org.testng.internal.MethodInvocationHelper.invokeMethod(MethodInvocationHelper.java:124)
at org.testng.internal.Invoker.invokeMethod(Invoker.java:583)
at org.testng.internal.Invoker.invokeTestMethod(Invoker.java:719)
at org.testng.internal.Invoker.invokeTestMethods(Invoker.java:989)
at org.testng.internal.TestMethodWorker.invokeTestMethods(TestMethodWorker.java:125)
at org.testng.internal.TestMethodWorker.run(TestMethodWorker.java:109)
at org.testng.TestRunner.privateRun(TestRunner.java:648)
at org.testng.TestRunner.run(TestRunner.java:505)
at org.testng.SuiteRunner.runTest(SuiteRunner.java:455)
at org.testng.SuiteRunner.runSequentially(SuiteRunner.java:450)
at org.testng.SuiteRunner.privateRun(SuiteRunner.java:415)
at org.testng.SuiteRunner.run(SuiteRunner.java:364)
at org.testng.SuiteRunnerWorker.runSuite(SuiteRunnerWorker.java:52)
at org.testng.SuiteRunnerWorker.run(SuiteRunnerWorker.java:84)
at org.testng.TestNG.runSuitesSequentially(TestNG.java:1208)
at org.testng.TestNG.runSuitesLocally(TestNG.java:1137)
at org.testng.TestNG.runSuites(TestNG.java:1049)
at org.testng.TestNG.run(TestNG.java:1017)
at org.testng.remote.AbstractRemoteTestNG.run(AbstractRemoteTestNG.java:115)
at org.testng.remote.RemoteTestNG.initAndRun(RemoteTestNG.java:251)
at org.testng.remote.RemoteTestNG.main(RemoteTestNG.java:77)
]]>
            </full-stacktrace>
          </exception> <!-- org.openqa.selenium.NoSuchElementException -->
          <reporter-output>
          </reporter-output>
        </test-method> <!-- testcase -->
        <test-method signature="testcase(java.lang.String, java.lang.String, java.lang.String, java.lang.String, java.lang.String, java.lang.String, java.lang.String, java.lang.String, java.lang.String, java.lang.String, java.lang.String, java.lang.String, java.lang.String, java.lang.String, java.lang.String, java.lang.String, java.lang.String, java.lang.String, java.lang.String, java.lang.String, java.lang.String)[pri:0, instance:Runclass.Execution@162be91c]" started-at="2022-08-04T04:40:20Z" name="testcase" data-provider="getTestData" finished-at="2022-08-04T04:40:20Z" duration-ms="43" status="FAIL">
          <params>
            <param index="0">
              <value>
                <![CDATA[9158795377]]>
              </value>
            </param>
            <param index="1">
              <value>
                <![CDATA[1]]>
              </value>
            </param>
            <param index="2">
              <value>
                <![CDATA[1]]>
              </value>
            </param>
            <param index="3">
              <value>
                <![CDATA[1]]>
              </value>
            </param>
            <param index="4">
              <value>
                <![CDATA[1]]>
              </value>
            </param>
            <param index="5">
              <value>
                <![CDATA[1]]>
              </value>
            </param>
            <param index="6">
              <value>
                <![CDATA[1]]>
              </value>
            </param>
            <param index="7">
              <value>
                <![CDATA[600003]]>
              </value>
            </param>
            <param index="8">
              <value>
                <![CDATA[CHHPR4247J]]>
              </value>
            </param>
            <param index="9">
              <value>
                <![CDATA[Ram]]>
              </value>
            </param>
            <param index="10">
              <value>
                <![CDATA[1998]]>
              </value>
            </param>
            <param index="11">
              <value>
                <![CDATA[Aug]]>
              </value>
            </param>
            <param index="12">
              <value>
                <![CDATA[Male]]>
              </value>
            </param>
            <param index="13">
              <value>
                <![CDATA[muthu]]>
              </value>
            </param>
            <param index="14">
              <value>
                <![CDATA[hfh@gmail.com]]>
              </value>
            </param>
            <param index="15">
              <value>
                <![CDATA[Rented with Friends]]>
              </value>
            </param>
            <param index="16">
              <value>
                <![CDATA[7-12 Months]]>
              </value>
            </param>
            <param index="17">
              <value>
                <![CDATA[Self Employed Professional]]>
              </value>
            </param>
            <param index="18">
              <value>
                <![CDATA[100000.0]]>
              </value>
            </param>
            <param index="19">
              <value>
                <![CDATA[ROYAL ENFIELD]]>
              </value>
            </param>
            <param index="20">
              <value>
                <![CDATA[HIMALAYAN BS6]]>
              </value>
            </param>
          </params>
          <exception class="org.openqa.selenium.NoSuchElementException">
            <message>
              <![CDATA[no such element: Unable to locate element: {"method":"xpath","selector":"//label[@for='TWMobile']"}
  (Session info: chrome=103.0.5060.134)
For documentation on this error, please visit: http://seleniumhq.org/exceptions/no_such_element.html
Build info: version: '3.5.3', revision: 'a88d25fe6b', time: '2017-08-29T12:42:44.417Z'
System info: host: 'DIGITAL-0129', ip: '172.23.4.254', os.name: 'Windows 10', os.arch: 'amd64', os.version: '10.0', java.version: '17.0.3'
Driver info: org.openqa.selenium.chrome.ChromeDriver
Capabilities [{networkConnectionEnabled=false, chrome={chromedriverVersion=103.0.5060.134 (8ec6fce403b3feb0869b0732eda8bd95011d333c-refs/branch-heads/5060@{#1262}), userDataDir=C:\Users\v802\AppData\Local\Temp\scoped_dir20556_994134010}, timeouts={implicit=0, pageLoad=300000, script=30000}, pageLoadStrategy=normal, unhandledPromptBehavior=dismiss and notify, strictFileInteractability=false, platform=XP, proxy=Proxy(), goog:chromeOptions={debuggerAddress=localhost:59665}, webauthn:extension:credBlob=true, acceptInsecureCerts=false, browserVersion=103.0.5060.134, browserName=chrome, javascriptEnabled=true, platformName=XP, setWindowRect=true, webauthn:extension:largeBlob=true, webauthn:virtualAuthenticators=true}]
Session ID: 7696a457839c314df5a22b474601ef0c
*** Element info: {Using=xpath, value=//label[@for='TWMobile']}]]>
            </message>
            <full-stacktrace>
              <![CDATA[org.openqa.selenium.NoSuchElementException: no such element: Unable to locate element: {"method":"xpath","selector":"//label[@for='TWMobile']"}
  (Session info: chrome=103.0.5060.134)
For documentation on this error, please visit: http://seleniumhq.org/exceptions/no_such_element.html
Build info: version: '3.5.3', revision: 'a88d25fe6b', time: '2017-08-29T12:42:44.417Z'
System info: host: 'DIGITAL-0129', ip: '172.23.4.254', os.name: 'Windows 10', os.arch: 'amd64', os.version: '10.0', java.version: '17.0.3'
Driver info: org.openqa.selenium.chrome.ChromeDriver
Capabilities [{networkConnectionEnabled=false, chrome={chromedriverVersion=103.0.5060.134 (8ec6fce403b3feb0869b0732eda8bd95011d333c-refs/branch-heads/5060@{#1262}), userDataDir=C:\Users\v802\AppData\Local\Temp\scoped_dir20556_994134010}, timeouts={implicit=0, pageLoad=300000, script=30000}, pageLoadStrategy=normal, unhandledPromptBehavior=dismiss and notify, strictFileInteractability=false, platform=XP, proxy=Proxy(), goog:chromeOptions={debuggerAddress=localhost:59665}, webauthn:extension:credBlob=true, acceptInsecureCerts=false, browserVersion=103.0.5060.134, browserName=chrome, javascriptEnabled=true, platformName=XP, setWindowRect=true, webauthn:extension:largeBlob=true, webauthn:virtualAuthenticators=true}]
Session ID: 7696a457839c314df5a22b474601ef0c
*** Element info: {Using=xpath, value=//label[@for='TWMobile']}
at java.base/jdk.internal.reflect.NativeConstructorAccessorImpl.newInstance0(Native Method)
at java.base/jdk.internal.reflect.NativeConstructorAccessorImpl.newInstance(NativeConstructorAccessorImpl.java:77)
at java.base/jdk.internal.reflect.DelegatingConstructorAccessorImpl.newInstance(DelegatingConstructorAccessorImpl.java:45)
at java.base/java.lang.reflect.Constructor.newInstanceWithCaller(Constructor.java:499)
at java.base/java.lang.reflect.Constructor.newInstance(Constructor.java:480)
at org.openqa.selenium.remote.http.W3CHttpResponseCodec.createException(W3CHttpResponseCodec.java:185)
at org.openqa.selenium.remote.http.W3CHttpResponseCodec.decode(W3CHttpResponseCodec.java:120)
at org.openqa.selenium.remote.http.W3CHttpResponseCodec.decode(W3CHttpResponseCodec.java:49)
at org.openqa.selenium.remote.HttpCommandExecutor.execute(HttpCommandExecutor.java:164)
at org.openqa.selenium.remote.service.DriverCommandExecutor.execute(DriverCommandExecutor.java:82)
at org.openqa.selenium.remote.RemoteWebDriver.execute(RemoteWebDriver.java:646)
at org.openqa.selenium.remote.RemoteWebDriver.findElement(RemoteWebDriver.java:416)
at org.openqa.selenium.remote.RemoteWebDriver.findElementByXPath(RemoteWebDriver.java:518)
at org.openqa.selenium.By$ByXPath.findElement(By.java:361)
at org.openqa.selenium.remote.RemoteWebDriver.findElement(RemoteWebDriver.java:408)
at Runclass.Execution.testcase(Execution.java:43)
at java.base/jdk.internal.reflect.NativeMethodAccessorImpl.invoke0(Native Method)
at java.base/jdk.internal.reflect.NativeMethodAccessorImpl.invoke(NativeMethodAccessorImpl.java:77)
at java.base/jdk.internal.reflect.DelegatingMethodAccessorImpl.invoke(DelegatingMethodAccessorImpl.java:43)
at java.base/java.lang.reflect.Method.invoke(Method.java:568)
at org.testng.internal.MethodInvocationHelper.invokeMethod(MethodInvocationHelper.java:124)
at org.testng.internal.Invoker.invokeMethod(Invoker.java:583)
at org.testng.internal.Invoker.invokeTestMethod(Invoker.java:719)
at org.testng.internal.Invoker.invokeTestMethods(Invoker.java:989)
at org.testng.internal.TestMethodWorker.invokeTestMethods(TestMethodWorker.java:125)
at org.testng.internal.TestMethodWorker.run(TestMethodWorker.java:109)
at org.testng.TestRunner.privateRun(TestRunner.java:648)
at org.testng.TestRunner.run(TestRunner.java:505)
at org.testng.SuiteRunner.runTest(SuiteRunner.java:455)
at org.testng.SuiteRunner.runSequentially(SuiteRunner.java:450)
at org.testng.SuiteRunner.privateRun(SuiteRunner.java:415)
at org.testng.SuiteRunner.run(SuiteRunner.java:364)
at org.testng.SuiteRunnerWorker.runSuite(SuiteRunnerWorker.java:52)
at org.testng.SuiteRunnerWorker.run(SuiteRunnerWorker.java:84)
at org.testng.TestNG.runSuitesSequentially(TestNG.java:1208)
at org.testng.TestNG.runSuitesLocally(TestNG.java:1137)
at org.testng.TestNG.runSuites(TestNG.java:1049)
at org.testng.TestNG.run(TestNG.java:1017)
at org.testng.remote.AbstractRemoteTestNG.run(AbstractRemoteTestNG.java:115)
at org.testng.remote.RemoteTestNG.initAndRun(RemoteTestNG.java:251)
at org.testng.remote.RemoteTestNG.main(RemoteTestNG.java:77)
]]>
            </full-stacktrace>
          </exception> <!-- org.openqa.selenium.NoSuchElementException -->
          <reporter-output>
          </reporter-output>
        </test-method> <!-- testcase -->
        <test-method signature="testcase(java.lang.String, java.lang.String, java.lang.String, java.lang.String, java.lang.String, java.lang.String, java.lang.String, java.lang.String, java.lang.String, java.lang.String, java.lang.String, java.lang.String, java.lang.String, java.lang.String, java.lang.String, java.lang.String, java.lang.String, java.lang.String, java.lang.String, java.lang.String, java.lang.String)[pri:0, instance:Runclass.Execution@162be91c]" started-at="2022-08-04T04:40:20Z" name="testcase" data-provider="getTestData" finished-at="2022-08-04T04:40:20Z" duration-ms="44" status="FAIL">
          <params>
            <param index="0">
              <value>
                <![CDATA[9158795378]]>
              </value>
            </param>
            <param index="1">
              <value>
                <![CDATA[1]]>
              </value>
            </param>
            <param index="2">
              <value>
                <![CDATA[1]]>
              </value>
            </param>
            <param index="3">
              <value>
                <![CDATA[1]]>
              </value>
            </param>
            <param index="4">
              <value>
                <![CDATA[1]]>
              </value>
            </param>
            <param index="5">
              <value>
                <![CDATA[1]]>
              </value>
            </param>
            <param index="6">
              <value>
                <![CDATA[1]]>
              </value>
            </param>
            <param index="7">
              <value>
                <![CDATA[600003]]>
              </value>
            </param>
            <param index="8">
              <value>
                <![CDATA[CHHPR4257J]]>
              </value>
            </param>
            <param index="9">
              <value>
                <![CDATA[sathish]]>
              </value>
            </param>
            <param index="10">
              <value>
                <![CDATA[1998]]>
              </value>
            </param>
            <param index="11">
              <value>
                <![CDATA[Aug]]>
              </value>
            </param>
            <param index="12">
              <value>
                <![CDATA[Male]]>
              </value>
            </param>
            <param index="13">
              <value>
                <![CDATA[paveen]]>
              </value>
            </param>
            <param index="14">
              <value>
                <![CDATA[polkjhj@gmail.com]]>
              </value>
            </param>
            <param index="15">
              <value>
                <![CDATA[Rented with Friends]]>
              </value>
            </param>
            <param index="16">
              <value>
                <![CDATA[7-12 Months]]>
              </value>
            </param>
            <param index="17">
              <value>
                <![CDATA[Self Employed Professional]]>
              </value>
            </param>
            <param index="18">
              <value>
                <![CDATA[100000.0]]>
              </value>
            </param>
            <param index="19">
              <value>
                <![CDATA[ROYAL ENFIELD]]>
              </value>
            </param>
            <param index="20">
              <value>
                <![CDATA[HIMALAYAN BS6]]>
              </value>
            </param>
          </params>
          <exception class="org.openqa.selenium.NoSuchElementException">
            <message>
              <![CDATA[no such element: Unable to locate element: {"method":"xpath","selector":"//label[@for='TWMobile']"}
  (Session info: chrome=103.0.5060.134)
For documentation on this error, please visit: http://seleniumhq.org/exceptions/no_such_element.html
Build info: version: '3.5.3', revision: 'a88d25fe6b', time: '2017-08-29T12:42:44.417Z'
System info: host: 'DIGITAL-0129', ip: '172.23.4.254', os.name: 'Windows 10', os.arch: 'amd64', os.version: '10.0', java.version: '17.0.3'
Driver info: org.openqa.selenium.chrome.ChromeDriver
Capabilities [{networkConnectionEnabled=false, chrome={chromedriverVersion=103.0.5060.134 (8ec6fce403b3feb0869b0732eda8bd95011d333c-refs/branch-heads/5060@{#1262}), userDataDir=C:\Users\v802\AppData\Local\Temp\scoped_dir20556_994134010}, timeouts={implicit=0, pageLoad=300000, script=30000}, pageLoadStrategy=normal, unhandledPromptBehavior=dismiss and notify, strictFileInteractability=false, platform=XP, proxy=Proxy(), goog:chromeOptions={debuggerAddress=localhost:59665}, webauthn:extension:credBlob=true, acceptInsecureCerts=false, browserVersion=103.0.5060.134, browserName=chrome, javascriptEnabled=true, platformName=XP, setWindowRect=true, webauthn:extension:largeBlob=true, webauthn:virtualAuthenticators=true}]
Session ID: 7696a457839c314df5a22b474601ef0c
*** Element info: {Using=xpath, value=//label[@for='TWMobile']}]]>
            </message>
            <full-stacktrace>
              <![CDATA[org.openqa.selenium.NoSuchElementException: no such element: Unable to locate element: {"method":"xpath","selector":"//label[@for='TWMobile']"}
  (Session info: chrome=103.0.5060.134)
For documentation on this error, please visit: http://seleniumhq.org/exceptions/no_such_element.html
Build info: version: '3.5.3', revision: 'a88d25fe6b', time: '2017-08-29T12:42:44.417Z'
System info: host: 'DIGITAL-0129', ip: '172.23.4.254', os.name: 'Windows 10', os.arch: 'amd64', os.version: '10.0', java.version: '17.0.3'
Driver info: org.openqa.selenium.chrome.ChromeDriver
Capabilities [{networkConnectionEnabled=false, chrome={chromedriverVersion=103.0.5060.134 (8ec6fce403b3feb0869b0732eda8bd95011d333c-refs/branch-heads/5060@{#1262}), userDataDir=C:\Users\v802\AppData\Local\Temp\scoped_dir20556_994134010}, timeouts={implicit=0, pageLoad=300000, script=30000}, pageLoadStrategy=normal, unhandledPromptBehavior=dismiss and notify, strictFileInteractability=false, platform=XP, proxy=Proxy(), goog:chromeOptions={debuggerAddress=localhost:59665}, webauthn:extension:credBlob=true, acceptInsecureCerts=false, browserVersion=103.0.5060.134, browserName=chrome, javascriptEnabled=true, platformName=XP, setWindowRect=true, webauthn:extension:largeBlob=true, webauthn:virtualAuthenticators=true}]
Session ID: 7696a457839c314df5a22b474601ef0c
*** Element info: {Using=xpath, value=//label[@for='TWMobile']}
at java.base/jdk.internal.reflect.NativeConstructorAccessorImpl.newInstance0(Native Method)
at java.base/jdk.internal.reflect.NativeConstructorAccessorImpl.newInstance(NativeConstructorAccessorImpl.java:77)
at java.base/jdk.internal.reflect.DelegatingConstructorAccessorImpl.newInstance(DelegatingConstructorAccessorImpl.java:45)
at java.base/java.lang.reflect.Constructor.newInstanceWithCaller(Constructor.java:499)
at java.base/java.lang.reflect.Constructor.newInstance(Constructor.java:480)
at org.openqa.selenium.remote.http.W3CHttpResponseCodec.createException(W3CHttpResponseCodec.java:185)
at org.openqa.selenium.remote.http.W3CHttpResponseCodec.decode(W3CHttpResponseCodec.java:120)
at org.openqa.selenium.remote.http.W3CHttpResponseCodec.decode(W3CHttpResponseCodec.java:49)
at org.openqa.selenium.remote.HttpCommandExecutor.execute(HttpCommandExecutor.java:164)
at org.openqa.selenium.remote.service.DriverCommandExecutor.execute(DriverCommandExecutor.java:82)
at org.openqa.selenium.remote.RemoteWebDriver.execute(RemoteWebDriver.java:646)
at org.openqa.selenium.remote.RemoteWebDriver.findElement(RemoteWebDriver.java:416)
at org.openqa.selenium.remote.RemoteWebDriver.findElementByXPath(RemoteWebDriver.java:518)
at org.openqa.selenium.By$ByXPath.findElement(By.java:361)
at org.openqa.selenium.remote.RemoteWebDriver.findElement(RemoteWebDriver.java:408)
at Runclass.Execution.testcase(Execution.java:43)
at java.base/jdk.internal.reflect.NativeMethodAccessorImpl.invoke0(Native Method)
at java.base/jdk.internal.reflect.NativeMethodAccessorImpl.invoke(NativeMethodAccessorImpl.java:77)
at java.base/jdk.internal.reflect.DelegatingMethodAccessorImpl.invoke(DelegatingMethodAccessorImpl.java:43)
at java.base/java.lang.reflect.Method.invoke(Method.java:568)
at org.testng.internal.MethodInvocationHelper.invokeMethod(MethodInvocationHelper.java:124)
at org.testng.internal.Invoker.invokeMethod(Invoker.java:583)
at org.testng.internal.Invoker.invokeTestMethod(Invoker.java:719)
at org.testng.internal.Invoker.invokeTestMethods(Invoker.java:989)
at org.testng.internal.TestMethodWorker.invokeTestMethods(TestMethodWorker.java:125)
at org.testng.internal.TestMethodWorker.run(TestMethodWorker.java:109)
at org.testng.TestRunner.privateRun(TestRunner.java:648)
at org.testng.TestRunner.run(TestRunner.java:505)
at org.testng.SuiteRunner.runTest(SuiteRunner.java:455)
at org.testng.SuiteRunner.runSequentially(SuiteRunner.java:450)
at org.testng.SuiteRunner.privateRun(SuiteRunner.java:415)
at org.testng.SuiteRunner.run(SuiteRunner.java:364)
at org.testng.SuiteRunnerWorker.runSuite(SuiteRunnerWorker.java:52)
at org.testng.SuiteRunnerWorker.run(SuiteRunnerWorker.java:84)
at org.testng.TestNG.runSuitesSequentially(TestNG.java:1208)
at org.testng.TestNG.runSuitesLocally(TestNG.java:1137)
at org.testng.TestNG.runSuites(TestNG.java:1049)
at org.testng.TestNG.run(TestNG.java:1017)
at org.testng.remote.AbstractRemoteTestNG.run(AbstractRemoteTestNG.java:115)
at org.testng.remote.RemoteTestNG.initAndRun(RemoteTestNG.java:251)
at org.testng.remote.RemoteTestNG.main(RemoteTestNG.java:77)
]]>
            </full-stacktrace>
          </exception> <!-- org.openqa.selenium.NoSuchElementException -->
          <reporter-output>
          </reporter-output>
        </test-method> <!-- testcase -->
        <test-method signature="testcase(java.lang.String, java.lang.String, java.lang.String, java.lang.String, java.lang.String, java.lang.String, java.lang.String, java.lang.String, java.lang.String, java.lang.String, java.lang.String, java.lang.String, java.lang.String, java.lang.String, java.lang.String, java.lang.String, java.lang.String, java.lang.String, java.lang.String, java.lang.String, java.lang.String)[pri:0, instance:Runclass.Execution@162be91c]" started-at="2022-08-04T04:40:20Z" name="testcase" data-provider="getTestData" finished-at="2022-08-04T04:40:20Z" duration-ms="69" status="FAIL">
          <params>
            <param index="0">
              <value>
                <![CDATA[9158795379]]>
              </value>
            </param>
            <param index="1">
              <value>
                <![CDATA[1]]>
              </value>
            </param>
            <param index="2">
              <value>
                <![CDATA[1]]>
              </value>
            </param>
            <param index="3">
              <value>
                <![CDATA[1]]>
              </value>
            </param>
            <param index="4">
              <value>
                <![CDATA[1]]>
              </value>
            </param>
            <param index="5">
              <value>
                <![CDATA[1]]>
              </value>
            </param>
            <param index="6">
              <value>
                <![CDATA[1]]>
              </value>
            </param>
            <param index="7">
              <value>
                <![CDATA[600003]]>
              </value>
            </param>
            <param index="8">
              <value>
                <![CDATA[CHHPR8247J]]>
              </value>
            </param>
            <param index="9">
              <value>
                <![CDATA[kannan]]>
              </value>
            </param>
            <param index="10">
              <value>
                <![CDATA[1998]]>
              </value>
            </param>
            <param index="11">
              <value>
                <![CDATA[Aug]]>
              </value>
            </param>
            <param index="12">
              <value>
                <![CDATA[Male]]>
              </value>
            </param>
            <param index="13">
              <value>
                <![CDATA[Vetri]]>
              </value>
            </param>
            <param index="14">
              <value>
                <![CDATA[jyui@gmail.com]]>
              </value>
            </param>
            <param index="15">
              <value>
                <![CDATA[Rented with Friends]]>
              </value>
            </param>
            <param index="16">
              <value>
                <![CDATA[7-12 Months]]>
              </value>
            </param>
            <param index="17">
              <value>
                <![CDATA[Self Employed Professional]]>
              </value>
            </param>
            <param index="18">
              <value>
                <![CDATA[100000.0]]>
              </value>
            </param>
            <param index="19">
              <value>
                <![CDATA[ROYAL ENFIELD]]>
              </value>
            </param>
            <param index="20">
              <value>
                <![CDATA[HIMALAYAN BS6]]>
              </value>
            </param>
          </params>
          <exception class="org.openqa.selenium.NoSuchElementException">
            <message>
              <![CDATA[no such element: Unable to locate element: {"method":"xpath","selector":"//label[@for='TWMobile']"}
  (Session info: chrome=103.0.5060.134)
For documentation on this error, please visit: http://seleniumhq.org/exceptions/no_such_element.html
Build info: version: '3.5.3', revision: 'a88d25fe6b', time: '2017-08-29T12:42:44.417Z'
System info: host: 'DIGITAL-0129', ip: '172.23.4.254', os.name: 'Windows 10', os.arch: 'amd64', os.version: '10.0', java.version: '17.0.3'
Driver info: org.openqa.selenium.chrome.ChromeDriver
Capabilities [{networkConnectionEnabled=false, chrome={chromedriverVersion=103.0.5060.134 (8ec6fce403b3feb0869b0732eda8bd95011d333c-refs/branch-heads/5060@{#1262}), userDataDir=C:\Users\v802\AppData\Local\Temp\scoped_dir20556_994134010}, timeouts={implicit=0, pageLoad=300000, script=30000}, pageLoadStrategy=normal, unhandledPromptBehavior=dismiss and notify, strictFileInteractability=false, platform=XP, proxy=Proxy(), goog:chromeOptions={debuggerAddress=localhost:59665}, webauthn:extension:credBlob=true, acceptInsecureCerts=false, browserVersion=103.0.5060.134, browserName=chrome, javascriptEnabled=true, platformName=XP, setWindowRect=true, webauthn:extension:largeBlob=true, webauthn:virtualAuthenticators=true}]
Session ID: 7696a457839c314df5a22b474601ef0c
*** Element info: {Using=xpath, value=//label[@for='TWMobile']}]]>
            </message>
            <full-stacktrace>
              <![CDATA[org.openqa.selenium.NoSuchElementException: no such element: Unable to locate element: {"method":"xpath","selector":"//label[@for='TWMobile']"}
  (Session info: chrome=103.0.5060.134)
For documentation on this error, please visit: http://seleniumhq.org/exceptions/no_such_element.html
Build info: version: '3.5.3', revision: 'a88d25fe6b', time: '2017-08-29T12:42:44.417Z'
System info: host: 'DIGITAL-0129', ip: '172.23.4.254', os.name: 'Windows 10', os.arch: 'amd64', os.version: '10.0', java.version: '17.0.3'
Driver info: org.openqa.selenium.chrome.ChromeDriver
Capabilities [{networkConnectionEnabled=false, chrome={chromedriverVersion=103.0.5060.134 (8ec6fce403b3feb0869b0732eda8bd95011d333c-refs/branch-heads/5060@{#1262}), userDataDir=C:\Users\v802\AppData\Local\Temp\scoped_dir20556_994134010}, timeouts={implicit=0, pageLoad=300000, script=30000}, pageLoadStrategy=normal, unhandledPromptBehavior=dismiss and notify, strictFileInteractability=false, platform=XP, proxy=Proxy(), goog:chromeOptions={debuggerAddress=localhost:59665}, webauthn:extension:credBlob=true, acceptInsecureCerts=false, browserVersion=103.0.5060.134, browserName=chrome, javascriptEnabled=true, platformName=XP, setWindowRect=true, webauthn:extension:largeBlob=true, webauthn:virtualAuthenticators=true}]
Session ID: 7696a457839c314df5a22b474601ef0c
*** Element info: {Using=xpath, value=//label[@for='TWMobile']}
at java.base/jdk.internal.reflect.NativeConstructorAccessorImpl.newInstance0(Native Method)
at java.base/jdk.internal.reflect.NativeConstructorAccessorImpl.newInstance(NativeConstructorAccessorImpl.java:77)
at java.base/jdk.internal.reflect.DelegatingConstructorAccessorImpl.newInstance(DelegatingConstructorAccessorImpl.java:45)
at java.base/java.lang.reflect.Constructor.newInstanceWithCaller(Constructor.java:499)
at java.base/java.lang.reflect.Constructor.newInstance(Constructor.java:480)
at org.openqa.selenium.remote.http.W3CHttpResponseCodec.createException(W3CHttpResponseCodec.java:185)
at org.openqa.selenium.remote.http.W3CHttpResponseCodec.decode(W3CHttpResponseCodec.java:120)
at org.openqa.selenium.remote.http.W3CHttpResponseCodec.decode(W3CHttpResponseCodec.java:49)
at org.openqa.selenium.remote.HttpCommandExecutor.execute(HttpCommandExecutor.java:164)
at org.openqa.selenium.remote.service.DriverCommandExecutor.execute(DriverCommandExecutor.java:82)
at org.openqa.selenium.remote.RemoteWebDriver.execute(RemoteWebDriver.java:646)
at org.openqa.selenium.remote.RemoteWebDriver.findElement(RemoteWebDriver.java:416)
at org.openqa.selenium.remote.RemoteWebDriver.findElementByXPath(RemoteWebDriver.java:518)
at org.openqa.selenium.By$ByXPath.findElement(By.java:361)
at org.openqa.selenium.remote.RemoteWebDriver.findElement(RemoteWebDriver.java:408)
at Runclass.Execution.testcase(Execution.java:43)
at java.base/jdk.internal.reflect.NativeMethodAccessorImpl.invoke0(Native Method)
at java.base/jdk.internal.reflect.NativeMethodAccessorImpl.invoke(NativeMethodAccessorImpl.java:77)
at java.base/jdk.internal.reflect.DelegatingMethodAccessorImpl.invoke(DelegatingMethodAccessorImpl.java:43)
at java.base/java.lang.reflect.Method.invoke(Method.java:568)
at org.testng.internal.MethodInvocationHelper.invokeMethod(MethodInvocationHelper.java:124)
at org.testng.internal.Invoker.invokeMethod(Invoker.java:583)
at org.testng.internal.Invoker.invokeTestMethod(Invoker.java:719)
at org.testng.internal.Invoker.invokeTestMethods(Invoker.java:989)
at org.testng.internal.TestMethodWorker.invokeTestMethods(TestMethodWorker.java:125)
at org.testng.internal.TestMethodWorker.run(TestMethodWorker.java:109)
at org.testng.TestRunner.privateRun(TestRunner.java:648)
at org.testng.TestRunner.run(TestRunner.java:505)
at org.testng.SuiteRunner.runTest(SuiteRunner.java:455)
at org.testng.SuiteRunner.runSequentially(SuiteRunner.java:450)
at org.testng.SuiteRunner.privateRun(SuiteRunner.java:415)
at org.testng.SuiteRunner.run(SuiteRunner.java:364)
at org.testng.SuiteRunnerWorker.runSuite(SuiteRunnerWorker.java:52)
at org.testng.SuiteRunnerWorker.run(SuiteRunnerWorker.java:84)
at org.testng.TestNG.runSuitesSequentially(TestNG.java:1208)
at org.testng.TestNG.runSuitesLocally(TestNG.java:1137)
at org.testng.TestNG.runSuites(TestNG.java:1049)
at org.testng.TestNG.run(TestNG.java:1017)
at org.testng.remote.AbstractRemoteTestNG.run(AbstractRemoteTestNG.java:115)
at org.testng.remote.RemoteTestNG.initAndRun(RemoteTestNG.java:251)
at org.testng.remote.RemoteTestNG.main(RemoteTestNG.java:77)
]]>
            </full-stacktrace>
          </exception> <!-- org.openqa.selenium.NoSuchElementException -->
          <reporter-output>
          </reporter-output>
        </test-method> <!-- testcase -->
        <test-method is-config="true" signature="closeBrowser()[pri:0, instance:Runclass.Execution@162be91c]" started-at="2022-08-04T04:40:20Z" name="closeBrowser" finished-at="2022-08-04T04:40:20Z" duration-ms="34" status="FAIL">
          <exception class="java.lang.StackOverflowError">
            <full-stacktrace>
              <![CDATA[java.lang.StackOverflowError
at Runclass.Execution.closeBrowser(Execution.java:193)
at Runclass.Execution.closeBrowser(Execution.java:193)
at Runclass.Execution.closeBrowser(Execution.java:193)
at Runclass.Execution.closeBrowser(Execution.java:193)
at Runclass.Execution.closeBrowser(Execution.java:193)
at Runclass.Execution.closeBrowser(Execution.java:193)
at Runclass.Execution.closeBrowser(Execution.java:193)
at Runclass.Execution.closeBrowser(Execution.java:193)
at Runclass.Execution.closeBrowser(Execution.java:193)
at Runclass.Execution.closeBrowser(Execution.java:193)
at Runclass.Execution.closeBrowser(Execution.java:193)
at Runclass.Execution.closeBrowser(Execution.java:193)
at Runclass.Execution.closeBrowser(Execution.java:193)
at Runclass.Execution.closeBrowser(Execution.java:193)
at Runclass.Execution.closeBrowser(Execution.java:193)
at Runclass.Execution.closeBrowser(Execution.java:193)
at Runclass.Execution.closeBrowser(Execution.java:193)
at Runclass.Execution.closeBrowser(Execution.java:193)
at Runclass.Execution.closeBrowser(Execution.java:193)
at Runclass.Execution.closeBrowser(Execution.java:193)
at Runclass.Execution.closeBrowser(Execution.java:193)
at Runclass.Execution.closeBrowser(Execution.java:193)
at Runclass.Execution.closeBrowser(Execution.java:193)
at Runclass.Execution.closeBrowser(Execution.java:193)
at Runclass.Execution.closeBrowser(Execution.java:193)
at Runclass.Execution.closeBrowser(Execution.java:193)
at Runclass.Execution.closeBrowser(Execution.java:193)
at Runclass.Execution.closeBrowser(Execution.java:193)
at Runclass.Execution.closeBrowser(Execution.java:193)
at Runclass.Execution.closeBrowser(Execution.java:193)
at Runclass.Execution.closeBrowser(Execution.java:193)
at Runclass.Execution.closeBrowser(Execution.java:193)
at Runclass.Execution.closeBrowser(Execution.java:193)
at Runclass.Execution.closeBrowser(Execution.java:193)
at Runclass.Execution.closeBrowser(Execution.java:193)
at Runclass.Execution.closeBrowser(Execution.java:193)
at Runclass.Execution.closeBrowser(Execution.java:193)
at Runclass.Execution.closeBrowser(Execution.java:193)
at Runclass.Execution.closeBrowser(Execution.java:193)
at Runclass.Execution.closeBrowser(Execution.java:193)
at Runclass.Execution.closeBrowser(Execution.java:193)
at Runclass.Execution.closeBrowser(Execution.java:193)
at Runclass.Execution.closeBrowser(Execution.java:193)
at Runclass.Execution.closeBrowser(Execution.java:193)
at Runclass.Execution.closeBrowser(Execution.java:193)
at Runclass.Execution.closeBrowser(Execution.java:193)
at Runclass.Execution.closeBrowser(Execution.java:193)
at Runclass.Execution.closeBrowser(Execution.java:193)
at Runclass.Execution.closeBrowser(Execution.java:193)
at Runclass.Execution.closeBrowser(Execution.java:193)
at Runclass.Execution.closeBrowser(Execution.java:193)
at Runclass.Execution.closeBrowser(Execution.java:193)
at Runclass.Execution.closeBrowser(Execution.java:193)
at Runclass.Execution.closeBrowser(Execution.java:193)
at Runclass.Execution.closeBrowser(Execution.java:193)
at Runclass.Execution.closeBrowser(Execution.java:193)
at Runclass.Execution.closeBrowser(Execution.java:193)
at Runclass.Execution.closeBrowser(Execution.java:193)
at Runclass.Execution.closeBrowser(Execution.java:193)
at Runclass.Execution.closeBrowser(Execution.java:193)
at Runclass.Execution.closeBrowser(Execution.java:193)
at Runclass.Execution.closeBrowser(Execution.java:193)
at Runclass.Execution.closeBrowser(Execution.java:193)
at Runclass.Execution.closeBrowser(Execution.java:193)
at Runclass.Execution.closeBrowser(Execution.java:193)
at Runclass.Execution.closeBrowser(Execution.java:193)
at Runclass.Execution.closeBrowser(Execution.java:193)
at Runclass.Execution.closeBrowser(Execution.java:193)
at Runclass.Execution.closeBrowser(Execution.java:193)
at Runclass.Execution.closeBrowser(Execution.java:193)
at Runclass.Execution.closeBrowser(Execution.java:193)
at Runclass.Execution.closeBrowser(Execution.java:193)
at Runclass.Execution.closeBrowser(Execution.java:193)
at Runclass.Execution.closeBrowser(Execution.java:193)
at Runclass.Execution.closeBrowser(Execution.java:193)
at Runclass.Execution.closeBrowser(Execution.java:193)
at Runclass.Execution.closeBrowser(Execution.java:193)
at Runclass.Execution.closeBrowser(Execution.java:193)
at Runclass.Execution.closeBrowser(Execution.java:193)
at Runclass.Execution.closeBrowser(Execution.java:193)
at Runclass.Execution.closeBrowser(Execution.java:193)
at Runclass.Execution.closeBrowser(Execution.java:193)
at Runclass.Execution.closeBrowser(Execution.java:193)
at Runclass.Execution.closeBrowser(Execution.java:193)
at Runclass.Execution.closeBrowser(Execution.java:193)
at Runclass.Execution.closeBrowser(Execution.java:193)
at Runclass.Execution.closeBrowser(Execution.java:193)
at Runclass.Execution.closeBrowser(Execution.java:193)
at Runclass.Execution.closeBrowser(Execution.java:193)
at Runclass.Execution.closeBrowser(Execution.java:193)
at Runclass.Execution.closeBrowser(Execution.java:193)
at Runclass.Execution.closeBrowser(Execution.java:193)
at Runclass.Execution.closeBrowser(Execution.java:193)
at Runclass.Execution.closeBrowser(Execution.java:193)
at Runclass.Execution.closeBrowser(Execution.java:193)
at Runclass.Execution.closeBrowser(Execution.java:193)
at Runclass.Execution.closeBrowser(Execution.java:193)
at Runclass.Execution.closeBrowser(Execution.java:193)
at Runclass.Execution.closeBrowser(Execution.java:193)
at Runclass.Execution.closeBrowser(Execution.java:193)
at Runclass.Execution.closeBrowser(Execution.java:193)
at Runclass.Execution.closeBrowser(Execution.java:193)
at Runclass.Execution.closeBrowser(Execution.java:193)
at Runclass.Execution.closeBrowser(Execution.java:193)
at Runclass.Execution.closeBrowser(Execution.java:193)
at Runclass.Execution.closeBrowser(Execution.java:193)
at Runclass.Execution.closeBrowser(Execution.java:193)
at Runclass.Execution.closeBrowser(Execution.java:193)
at Runclass.Execution.closeBrowser(Execution.java:193)
at Runclass.Execution.closeBrowser(Execution.java:193)
at Runclass.Execution.closeBrowser(Execution.java:193)
at Runclass.Execution.closeBrowser(Execution.java:193)
at Runclass.Execution.closeBrowser(Execution.java:193)
at Runclass.Execution.closeBrowser(Execution.java:193)
at Runclass.Execution.closeBrowser(Execution.java:193)
at Runclass.Execution.closeBrowser(Execution.java:193)
at Runclass.Execution.closeBrowser(Execution.java:193)
at Runclass.Execution.closeBrowser(Execution.java:193)
at Runclass.Execution.closeBrowser(Execution.java:193)
at Runclass.Execution.closeBrowser(Execution.java:193)
at Runclass.Execution.closeBrowser(Execution.java:193)
at Runclass.Execution.closeBrowser(Execution.java:193)
at Runclass.Execution.closeBrowser(Execution.java:193)
at Runclass.Execution.closeBrowser(Execution.java:193)
at Runclass.Execution.closeBrowser(Execution.java:193)
at Runclass.Execution.closeBrowser(Execution.java:193)
at Runclass.Execution.closeBrowser(Execution.java:193)
at Runclass.Execution.closeBrowser(Execution.java:193)
at Runclass.Execution.closeBrowser(Execution.java:193)
at Runclass.Execution.closeBrowser(Execution.java:193)
at Runclass.Execution.closeBrowser(Execution.java:193)
at Runclass.Execution.closeBrowser(Execution.java:193)
at Runclass.Execution.closeBrowser(Execution.java:193)
at Runclass.Execution.closeBrowser(Execution.java:193)
at Runclass.Execution.closeBrowser(Execution.java:193)
at Runclass.Execution.closeBrowser(Execution.java:193)
at Runclass.Execution.closeBrowser(Execution.java:193)
at Runclass.Execution.closeBrowser(Execution.java:193)
at Runclass.Execution.closeBrowser(Execution.java:193)
at Runclass.Execution.closeBrowser(Execution.java:193)
at Runclass.Execution.closeBrowser(Execution.java:193)
at Runclass.Execution.closeBrowser(Execution.java:193)
at Runclass.Execution.closeBrowser(Execution.java:193)
at Runclass.Execution.closeBrowser(Execution.java:193)
at Runclass.Execution.closeBrowser(Execution.java:193)
at Runclass.Execution.closeBrowser(Execution.java:193)
at Runclass.Execution.closeBrowser(Execution.java:193)
at Runclass.Execution.closeBrowser(Execution.java:193)
at Runclass.Execution.closeBrowser(Execution.java:193)
at Runclass.Execution.closeBrowser(Execution.java:193)
at Runclass.Execution.closeBrowser(Execution.java:193)
at Runclass.Execution.closeBrowser(Execution.java:193)
at Runclass.Execution.closeBrowser(Execution.java:193)
at Runclass.Execution.closeBrowser(Execution.java:193)
at Runclass.Execution.closeBrowser(Execution.java:193)
at Runclass.Execution.closeBrowser(Execution.java:193)
at Runclass.Execution.closeBrowser(Execution.java:193)
at Runclass.Execution.closeBrowser(Execution.java:193)
at Runclass.Execution.closeBrowser(Execution.java:193)
at Runclass.Execution.closeBrowser(Execution.java:193)
at Runclass.Execution.closeBrowser(Execution.java:193)
at Runclass.Execution.closeBrowser(Execution.java:193)
at Runclass.Execution.closeBrowser(Execution.java:193)
at Runclass.Execution.closeBrowser(Execution.java:193)
at Runclass.Execution.closeBrowser(Execution.java:193)
at Runclass.Execution.closeBrowser(Execution.java:193)
at Runclass.Execution.closeBrowser(Execution.java:193)
at Runclass.Execution.closeBrowser(Execution.java:193)
at Runclass.Execution.closeBrowser(Execution.java:193)
at Runclass.Execution.closeBrowser(Execution.java:193)
at Runclass.Execution.closeBrowser(Execution.java:193)
at Runclass.Execution.closeBrowser(Execution.java:193)
at Runclass.Execution.closeBrowser(Execution.java:193)
at Runclass.Execution.closeBrowser(Execution.java:193)
at Runclass.Execution.closeBrowser(Execution.java:193)
at Runclass.Execution.closeBrowser(Execution.java:193)
at Runclass.Execution.closeBrowser(Execution.java:193)
at Runclass.Execution.closeBrowser(Execution.java:193)
at Runclass.Execution.closeBrowser(Execution.java:193)
at Runclass.Execution.closeBrowser(Execution.java:193)
at Runclass.Execution.closeBrowser(Execution.java:193)
at Runclass.Execution.closeBrowser(Execution.java:193)
at Runclass.Execution.closeBrowser(Execution.java:193)
at Runclass.Execution.closeBrowser(Execution.java:193)
at Runclass.Execution.closeBrowser(Execution.java:193)
at Runclass.Execution.closeBrowser(Execution.java:193)
at Runclass.Execution.closeBrowser(Execution.java:193)
at Runclass.Execution.closeBrowser(Execution.java:193)
at Runclass.Execution.closeBrowser(Execution.java:193)
at Runclass.Execution.closeBrowser(Execution.java:193)
at Runclass.Execution.closeBrowser(Execution.java:193)
at Runclass.Execution.closeBrowser(Execution.java:193)
at Runclass.Execution.closeBrowser(Execution.java:193)
at Runclass.Execution.closeBrowser(Execution.java:193)
at Runclass.Execution.closeBrowser(Execution.java:193)
at Runclass.Execution.closeBrowser(Execution.java:193)
at Runclass.Execution.closeBrowser(Execution.java:193)
at Runclass.Execution.closeBrowser(Execution.java:193)
at Runclass.Execution.closeBrowser(Execution.java:193)
at Runclass.Execution.closeBrowser(Execution.java:193)
at Runclass.Execution.closeBrowser(Execution.java:193)
at Runclass.Execution.closeBrowser(Execution.java:193)
at Runclass.Execution.closeBrowser(Execution.java:193)
at Runclass.Execution.closeBrowser(Execution.java:193)
at Runclass.Execution.closeBrowser(Execution.java:193)
at Runclass.Execution.closeBrowser(Execution.java:193)
at Runclass.Execution.closeBrowser(Execution.java:193)
at Runclass.Execution.closeBrowser(Execution.java:193)
at Runclass.Execution.closeBrowser(Execution.java:193)
at Runclass.Execution.closeBrowser(Execution.java:193)
at Runclass.Execution.closeBrowser(Execution.java:193)
at Runclass.Execution.closeBrowser(Execution.java:193)
at Runclass.Execution.closeBrowser(Execution.java:193)
at Runclass.Execution.closeBrowser(Execution.java:193)
at Runclass.Execution.closeBrowser(Execution.java:193)
at Runclass.Execution.closeBrowser(Execution.java:193)
at Runclass.Execution.closeBrowser(Execution.java:193)
at Runclass.Execution.closeBrowser(Execution.java:193)
at Runclass.Execution.closeBrowser(Execution.java:193)
at Runclass.Execution.closeBrowser(Execution.java:193)
at Runclass.Execution.closeBrowser(Execution.java:193)
at Runclass.Execution.closeBrowser(Execution.java:193)
at Runclass.Execution.closeBrowser(Execution.java:193)
at Runclass.Execution.closeBrowser(Execution.java:193)
at Runclass.Execution.closeBrowser(Execution.java:193)
at Runclass.Execution.closeBrowser(Execution.java:193)
at Runclass.Execution.closeBrowser(Execution.java:193)
at Runclass.Execution.closeBrowser(Execution.java:193)
at Runclass.Execution.closeBrowser(Execution.java:193)
at Runclass.Execution.closeBrowser(Execution.java:193)
at Runclass.Execution.closeBrowser(Execution.java:193)
at Runclass.Execution.closeBrowser(Execution.java:193)
at Runclass.Execution.closeBrowser(Execution.java:193)
at Runclass.Execution.closeBrowser(Execution.java:193)
at Runclass.Execution.closeBrowser(Execution.java:193)
at Runclass.Execution.closeBrowser(Execution.java:193)
at Runclass.Execution.closeBrowser(Execution.java:193)
at Runclass.Execution.closeBrowser(Execution.java:193)
at Runclass.Execution.closeBrowser(Execution.java:193)
at Runclass.Execution.closeBrowser(Execution.java:193)
at Runclass.Execution.closeBrowser(Execution.java:193)
at Runclass.Execution.closeBrowser(Execution.java:193)
at Runclass.Execution.closeBrowser(Execution.java:193)
at Runclass.Execution.closeBrowser(Execution.java:193)
at Runclass.Execution.closeBrowser(Execution.java:193)
at Runclass.Execution.closeBrowser(Execution.java:193)
at Runclass.Execution.closeBrowser(Execution.java:193)
at Runclass.Execution.closeBrowser(Execution.java:193)
at Runclass.Execution.closeBrowser(Execution.java:193)
at Runclass.Execution.closeBrowser(Execution.java:193)
at Runclass.Execution.closeBrowser(Execution.java:193)
at Runclass.Execution.closeBrowser(Execution.java:193)
at Runclass.Execution.closeBrowser(Execution.java:193)
at Runclass.Execution.closeBrowser(Execution.java:193)
at Runclass.Execution.closeBrowser(Execution.java:193)
at Runclass.Execution.closeBrowser(Execution.java:193)
at Runclass.Execution.closeBrowser(Execution.java:193)
at Runclass.Execution.closeBrowser(Execution.java:193)
at Runclass.Execution.closeBrowser(Execution.java:193)
at Runclass.Execution.closeBrowser(Execution.java:193)
at Runclass.Execution.closeBrowser(Execution.java:193)
at Runclass.Execution.closeBrowser(Execution.java:193)
at Runclass.Execution.closeBrowser(Execution.java:193)
at Runclass.Execution.closeBrowser(Execution.java:193)
at Runclass.Execution.closeBrowser(Execution.java:193)
at Runclass.Execution.closeBrowser(Execution.java:193)
at Runclass.Execution.closeBrowser(Execution.java:193)
at Runclass.Execution.closeBrowser(Execution.java:193)
at Runclass.Execution.closeBrowser(Execution.java:193)
at Runclass.Execution.closeBrowser(Execution.java:193)
at Runclass.Execution.closeBrowser(Execution.java:193)
at Runclass.Execution.closeBrowser(Execution.java:193)
at Runclass.Execution.closeBrowser(Execution.java:193)
at Runclass.Execution.closeBrowser(Execution.java:193)
at Runclass.Execution.closeBrowser(Execution.java:193)
at Runclass.Execution.closeBrowser(Execution.java:193)
at Runclass.Execution.closeBrowser(Execution.java:193)
at Runclass.Execution.closeBrowser(Execution.java:193)
at Runclass.Execution.closeBrowser(Execution.java:193)
at Runclass.Execution.closeBrowser(Execution.java:193)
at Runclass.Execution.closeBrowser(Execution.java:193)
at Runclass.Execution.closeBrowser(Execution.java:193)
at Runclass.Execution.closeBrowser(Execution.java:193)
at Runclass.Execution.closeBrowser(Execution.java:193)
at Runclass.Execution.closeBrowser(Execution.java:193)
at Runclass.Execution.closeBrowser(Execution.java:193)
at Runclass.Execution.closeBrowser(Execution.java:193)
at Runclass.Execution.closeBrowser(Execution.java:193)
at Runclass.Execution.closeBrowser(Execution.java:193)
at Runclass.Execution.closeBrowser(Execution.java:193)
at Runclass.Execution.closeBrowser(Execution.java:193)
at Runclass.Execution.closeBrowser(Execution.java:193)
at Runclass.Execution.closeBrowser(Execution.java:193)
at Runclass.Execution.closeBrowser(Execution.java:193)
at Runclass.Execution.closeBrowser(Execution.java:193)
at Runclass.Execution.closeBrowser(Execution.java:193)
at Runclass.Execution.closeBrowser(Execution.java:193)
at Runclass.Execution.closeBrowser(Execution.java:193)
at Runclass.Execution.closeBrowser(Execution.java:193)
at Runclass.Execution.closeBrowser(Execution.java:193)
at Runclass.Execution.closeBrowser(Execution.java:193)
at Runclass.Execution.closeBrowser(Execution.java:193)
at Runclass.Execution.closeBrowser(Execution.java:193)
at Runclass.Execution.closeBrowser(Execution.java:193)
at Runclass.Execution.closeBrowser(Execution.java:193)
at Runclass.Execution.closeBrowser(Execution.java:193)
at Runclass.Execution.closeBrowser(Execution.java:193)
at Runclass.Execution.closeBrowser(Execution.java:193)
at Runclass.Execution.closeBrowser(Execution.java:193)
at Runclass.Execution.closeBrowser(Execution.java:193)
at Runclass.Execution.closeBrowser(Execution.java:193)
at Runclass.Execution.closeBrowser(Execution.java:193)
at Runclass.Execution.closeBrowser(Execution.java:193)
at Runclass.Execution.closeBrowser(Execution.java:193)
at Runclass.Execution.closeBrowser(Execution.java:193)
at Runclass.Execution.closeBrowser(Execution.java:193)
at Runclass.Execution.closeBrowser(Execution.java:193)
at Runclass.Execution.closeBrowser(Execution.java:193)
at Runclass.Execution.closeBrowser(Execution.java:193)
at Runclass.Execution.closeBrowser(Execution.java:193)
at Runclass.Execution.closeBrowser(Execution.java:193)
at Runclass.Execution.closeBrowser(Execution.java:193)
at Runclass.Execution.closeBrowser(Execution.java:193)
at Runclass.Execution.closeBrowser(Execution.java:193)
at Runclass.Execution.closeBrowser(Execution.java:193)
at Runclass.Execution.closeBrowser(Execution.java:193)
at Runclass.Execution.closeBrowser(Execution.java:193)
at Runclass.Execution.closeBrowser(Execution.java:193)
at Runclass.Execution.closeBrowser(Execution.java:193)
at Runclass.Execution.closeBrowser(Execution.java:193)
at Runclass.Execution.closeBrowser(Execution.java:193)
at Runclass.Execution.closeBrowser(Execution.java:193)
at Runclass.Execution.closeBrowser(Execution.java:193)
at Runclass.Execution.closeBrowser(Execution.java:193)
at Runclass.Execution.closeBrowser(Execution.java:193)
at Runclass.Execution.closeBrowser(Execution.java:193)
at Runclass.Execution.closeBrowser(Execution.java:193)
at Runclass.Execution.closeBrowser(Execution.java:193)
at Runclass.Execution.closeBrowser(Execution.java:193)
at Runclass.Execution.closeBrowser(Execution.java:193)
at Runclass.Execution.closeBrowser(Execution.java:193)
at Runclass.Execution.closeBrowser(Execution.java:193)
at Runclass.Execution.closeBrowser(Execution.java:193)
at Runclass.Execution.closeBrowser(Execution.java:193)
at Runclass.Execution.closeBrowser(Execution.java:193)
at Runclass.Execution.closeBrowser(Execution.java:193)
at Runclass.Execution.closeBrowser(Execution.java:193)
at Runclass.Execution.closeBrowser(Execution.java:193)
at Runclass.Execution.closeBrowser(Execution.java:193)
at Runclass.Execution.closeBrowser(Execution.java:193)
at Runclass.Execution.closeBrowser(Execution.java:193)
at Runclass.Execution.closeBrowser(Execution.java:193)
at Runclass.Execution.closeBrowser(Execution.java:193)
at Runclass.Execution.closeBrowser(Execution.java:193)
at Runclass.Execution.closeBrowser(Execution.java:193)
at Runclass.Execution.closeBrowser(Execution.java:193)
at Runclass.Execution.closeBrowser(Execution.java:193)
at Runclass.Execution.closeBrowser(Execution.java:193)
at Runclass.Execution.closeBrowser(Execution.java:193)
at Runclass.Execution.closeBrowser(Execution.java:193)
at Runclass.Execution.closeBrowser(Execution.java:193)
at Runclass.Execution.closeBrowser(Execution.java:193)
at Runclass.Execution.closeBrowser(Execution.java:193)
at Runclass.Execution.closeBrowser(Execution.java:193)
at Runclass.Execution.closeBrowser(Execution.java:193)
at Runclass.Execution.closeBrowser(Execution.java:193)
at Runclass.Execution.closeBrowser(Execution.java:193)
at Runclass.Execution.closeBrowser(Execution.java:193)
at Runclass.Execution.closeBrowser(Execution.java:193)
at Runclass.Execution.closeBrowser(Execution.java:193)
at Runclass.Execution.closeBrowser(Execution.java:193)
at Runclass.Execution.closeBrowser(Execution.java:193)
at Runclass.Execution.closeBrowser(Execution.java:193)
at Runclass.Execution.closeBrowser(Execution.java:193)
at Runclass.Execution.closeBrowser(Execution.java:193)
at Runclass.Execution.closeBrowser(Execution.java:193)
at Runclass.Execution.closeBrowser(Execution.java:193)
at Runclass.Execution.closeBrowser(Execution.java:193)
at Runclass.Execution.closeBrowser(Execution.java:193)
at Runclass.Execution.closeBrowser(Execution.java:193)
at Runclass.Execution.closeBrowser(Execution.java:193)
at Runclass.Execution.closeBrowser(Execution.java:193)
at Runclass.Execution.closeBrowser(Execution.java:193)
at Runclass.Execution.closeBrowser(Execution.java:193)
at Runclass.Execution.closeBrowser(Execution.java:193)
at Runclass.Execution.closeBrowser(Execution.java:193)
at Runclass.Execution.closeBrowser(Execution.java:193)
at Runclass.Execution.closeBrowser(Execution.java:193)
at Runclass.Execution.closeBrowser(Execution.java:193)
at Runclass.Execution.closeBrowser(Execution.java:193)
at Runclass.Execution.closeBrowser(Execution.java:193)
at Runclass.Execution.closeBrowser(Execution.java:193)
at Runclass.Execution.closeBrowser(Execution.java:193)
at Runclass.Execution.closeBrowser(Execution.java:193)
at Runclass.Execution.closeBrowser(Execution.java:193)
at Runclass.Execution.closeBrowser(Execution.java:193)
at Runclass.Execution.closeBrowser(Execution.java:193)
at Runclass.Execution.closeBrowser(Execution.java:193)
at Runclass.Execution.closeBrowser(Execution.java:193)
at Runclass.Execution.closeBrowser(Execution.java:193)
at Runclass.Execution.closeBrowser(Execution.java:193)
at Runclass.Execution.closeBrowser(Execution.java:193)
at Runclass.Execution.closeBrowser(Execution.java:193)
at Runclass.Execution.closeBrowser(Execution.java:193)
at Runclass.Execution.closeBrowser(Execution.java:193)
at Runclass.Execution.closeBrowser(Execution.java:193)
at Runclass.Execution.closeBrowser(Execution.java:193)
at Runclass.Execution.closeBrowser(Execution.java:193)
at Runclass.Execution.closeBrowser(Execution.java:193)
at Runclass.Execution.closeBrowser(Execution.java:193)
at Runclass.Execution.closeBrowser(Execution.java:193)
at Runclass.Execution.closeBrowser(Execution.java:193)
at Runclass.Execution.closeBrowser(Execution.java:193)
at Runclass.Execution.closeBrowser(Execution.java:193)
at Runclass.Execution.closeBrowser(Execution.java:193)
at Runclass.Execution.closeBrowser(Execution.java:193)
at Runclass.Execution.closeBrowser(Execution.java:193)
at Runclass.Execution.closeBrowser(Execution.java:193)
at Runclass.Execution.closeBrowser(Execution.java:193)
at Runclass.Execution.closeBrowser(Execution.java:193)
at Runclass.Execution.closeBrowser(Execution.java:193)
at Runclass.Execution.closeBrowser(Execution.java:193)
at Runclass.Execution.closeBrowser(Execution.java:193)
at Runclass.Execution.closeBrowser(Execution.java:193)
at Runclass.Execution.closeBrowser(Execution.java:193)
at Runclass.Execution.closeBrowser(Execution.java:193)
at Runclass.Execution.closeBrowser(Execution.java:193)
at Runclass.Execution.closeBrowser(Execution.java:193)
at Runclass.Execution.closeBrowser(Execution.java:193)
at Runclass.Execution.closeBrowser(Execution.java:193)
at Runclass.Execution.closeBrowser(Execution.java:193)
at Runclass.Execution.closeBrowser(Execution.java:193)
at Runclass.Execution.closeBrowser(Execution.java:193)
at Runclass.Execution.closeBrowser(Execution.java:193)
at Runclass.Execution.closeBrowser(Execution.java:193)
at Runclass.Execution.closeBrowser(Execution.java:193)
at Runclass.Execution.closeBrowser(Execution.java:193)
at Runclass.Execution.closeBrowser(Execution.java:193)
at Runclass.Execution.closeBrowser(Execution.java:193)
at Runclass.Execution.closeBrowser(Execution.java:193)
at Runclass.Execution.closeBrowser(Execution.java:193)
at Runclass.Execution.closeBrowser(Execution.java:193)
at Runclass.Execution.closeBrowser(Execution.java:193)
at Runclass.Execution.closeBrowser(Execution.java:193)
at Runclass.Execution.closeBrowser(Execution.java:193)
at Runclass.Execution.closeBrowser(Execution.java:193)
at Runclass.Execution.closeBrowser(Execution.java:193)
at Runclass.Execution.closeBrowser(Execution.java:193)
at Runclass.Execution.closeBrowser(Execution.java:193)
at Runclass.Execution.closeBrowser(Execution.java:193)
at Runclass.Execution.closeBrowser(Execution.java:193)
at Runclass.Execution.closeBrowser(Execution.java:193)
at Runclass.Execution.closeBrowser(Execution.java:193)
at Runclass.Execution.closeBrowser(Execution.java:193)
at Runclass.Execution.closeBrowser(Execution.java:193)
at Runclass.Execution.closeBrowser(Execution.java:193)
at Runclass.Execution.closeBrowser(Execution.java:193)
at Runclass.Execution.closeBrowser(Execution.java:193)
at Runclass.Execution.closeBrowser(Execution.java:193)
at Runclass.Execution.closeBrowser(Execution.java:193)
at Runclass.Execution.closeBrowser(Execution.java:193)
at Runclass.Execution.closeBrowser(Execution.java:193)
at Runclass.Execution.closeBrowser(Execution.java:193)
at Runclass.Execution.closeBrowser(Execution.java:193)
at Runclass.Execution.closeBrowser(Execution.java:193)
at Runclass.Execution.closeBrowser(Execution.java:193)
at Runclass.Execution.closeBrowser(Execution.java:193)
at Runclass.Execution.closeBrowser(Execution.java:193)
at Runclass.Execution.closeBrowser(Execution.java:193)
at Runclass.Execution.closeBrowser(Execution.java:193)
at Runclass.Execution.closeBrowser(Execution.java:193)
at Runclass.Execution.closeBrowser(Execution.java:193)
at Runclass.Execution.closeBrowser(Execution.java:193)
at Runclass.Execution.closeBrowser(Execution.java:193)
at Runclass.Execution.closeBrowser(Execution.java:193)
at Runclass.Execution.closeBrowser(Execution.java:193)
at Runclass.Execution.closeBrowser(Execution.java:193)
at Runclass.Execution.closeBrowser(Execution.java:193)
at Runclass.Execution.closeBrowser(Execution.java:193)
at Runclass.Execution.closeBrowser(Execution.java:193)
at Runclass.Execution.closeBrowser(Execution.java:193)
at Runclass.Execution.closeBrowser(Execution.java:193)
at Runclass.Execution.closeBrowser(Execution.java:193)
at Runclass.Execution.closeBrowser(Execution.java:193)
at Runclass.Execution.closeBrowser(Execution.java:193)
at Runclass.Execution.closeBrowser(Execution.java:193)
at Runclass.Execution.closeBrowser(Execution.java:193)
at Runclass.Execution.closeBrowser(Execution.java:193)
at Runclass.Execution.closeBrowser(Execution.java:193)
at Runclass.Execution.closeBrowser(Execution.java:193)
at Runclass.Execution.closeBrowser(Execution.java:193)
at Runclass.Execution.closeBrowser(Execution.java:193)
at Runclass.Execution.closeBrowser(Execution.java:193)
at Runclass.Execution.closeBrowser(Execution.java:193)
at Runclass.Execution.closeBrowser(Execution.java:193)
at Runclass.Execution.closeBrowser(Execution.java:193)
at Runclass.Execution.closeBrowser(Execution.java:193)
at Runclass.Execution.closeBrowser(Execution.java:193)
at Runclass.Execution.closeBrowser(Execution.java:193)
at Runclass.Execution.closeBrowser(Execution.java:193)
at Runclass.Execution.closeBrowser(Execution.java:193)
at Runclass.Execution.closeBrowser(Execution.java:193)
at Runclass.Execution.closeBrowser(Execution.java:193)
at Runclass.Execution.closeBrowser(Execution.java:193)
at Runclass.Execution.closeBrowser(Execution.java:193)
at Runclass.Execution.closeBrowser(Execution.java:193)
at Runclass.Execution.closeBrowser(Execution.java:193)
at Runclass.Execution.closeBrowser(Execution.java:193)
at Runclass.Execution.closeBrowser(Execution.java:193)
at Runclass.Execution.closeBrowser(Execution.java:193)
at Runclass.Execution.closeBrowser(Execution.java:193)
at Runclass.Execution.closeBrowser(Execution.java:193)
at Runclass.Execution.closeBrowser(Execution.java:193)
at Runclass.Execution.closeBrowser(Execution.java:193)
at Runclass.Execution.closeBrowser(Execution.java:193)
at Runclass.Execution.closeBrowser(Execution.java:193)
at Runclass.Execution.closeBrowser(Execution.java:193)
at Runclass.Execution.closeBrowser(Execution.java:193)
at Runclass.Execution.closeBrowser(Execution.java:193)
at Runclass.Execution.closeBrowser(Execution.java:193)
at Runclass.Execution.closeBrowser(Execution.java:193)
at Runclass.Execution.closeBrowser(Execution.java:193)
at Runclass.Execution.closeBrowser(Execution.java:193)
at Runclass.Execution.closeBrowser(Execution.java:193)
at Runclass.Execution.closeBrowser(Execution.java:193)
at Runclass.Execution.closeBrowser(Execution.java:193)
at Runclass.Execution.closeBrowser(Execution.java:193)
at Runclass.Execution.closeBrowser(Execution.java:193)
at Runclass.Execution.closeBrowser(Execution.java:193)
at Runclass.Execution.closeBrowser(Execution.java:193)
at Runclass.Execution.closeBrowser(Execution.java:193)
at Runclass.Execution.closeBrowser(Execution.java:193)
at Runclass.Execution.closeBrowser(Execution.java:193)
at Runclass.Execution.closeBrowser(Execution.java:193)
at Runclass.Execution.closeBrowser(Execution.java:193)
at Runclass.Execution.closeBrowser(Execution.java:193)
at Runclass.Execution.closeBrowser(Execution.java:193)
at Runclass.Execution.closeBrowser(Execution.java:193)
at Runclass.Execution.closeBrowser(Execution.java:193)
at Runclass.Execution.closeBrowser(Execution.java:193)
at Runclass.Execution.closeBrowser(Execution.java:193)
at Runclass.Execution.closeBrowser(Execution.java:193)
at Runclass.Execution.closeBrowser(Execution.java:193)
at Runclass.Execution.closeBrowser(Execution.java:193)
at Runclass.Execution.closeBrowser(Execution.java:193)
at Runclass.Execution.closeBrowser(Execution.java:193)
at Runclass.Execution.closeBrowser(Execution.java:193)
at Runclass.Execution.closeBrowser(Execution.java:193)
at Runclass.Execution.closeBrowser(Execution.java:193)
at Runclass.Execution.closeBrowser(Execution.java:193)
at Runclass.Execution.closeBrowser(Execution.java:193)
at Runclass.Execution.closeBrowser(Execution.java:193)
at Runclass.Execution.closeBrowser(Execution.java:193)
at Runclass.Execution.closeBrowser(Execution.java:193)
at Runclass.Execution.closeBrowser(Execution.java:193)
at Runclass.Execution.closeBrowser(Execution.java:193)
at Runclass.Execution.closeBrowser(Execution.java:193)
at Runclass.Execution.closeBrowser(Execution.java:193)
at Runclass.Execution.closeBrowser(Execution.java:193)
at Runclass.Execution.closeBrowser(Execution.java:193)
at Runclass.Execution.closeBrowser(Execution.java:193)
at Runclass.Execution.closeBrowser(Execution.java:193)
at Runclass.Execution.closeBrowser(Execution.java:193)
at Runclass.Execution.closeBrowser(Execution.java:193)
at Runclass.Execution.closeBrowser(Execution.java:193)
at Runclass.Execution.closeBrowser(Execution.java:193)
at Runclass.Execution.closeBrowser(Execution.java:193)
at Runclass.Execution.closeBrowser(Execution.java:193)
at Runclass.Execution.closeBrowser(Execution.java:193)
at Runclass.Execution.closeBrowser(Execution.java:193)
at Runclass.Execution.closeBrowser(Execution.java:193)
at Runclass.Execution.closeBrowser(Execution.java:193)
at Runclass.Execution.closeBrowser(Execution.java:193)
at Runclass.Execution.closeBrowser(Execution.java:193)
at Runclass.Execution.closeBrowser(Execution.java:193)
at Runclass.Execution.closeBrowser(Execution.java:193)
at Runclass.Execution.closeBrowser(Execution.java:193)
at Runclass.Execution.closeBrowser(Execution.java:193)
at Runclass.Execution.closeBrowser(Execution.java:193)
at Runclass.Execution.closeBrowser(Execution.java:193)
at Runclass.Execution.closeBrowser(Execution.java:193)
at Runclass.Execution.closeBrowser(Execution.java:193)
at Runclass.Execution.closeBrowser(Execution.java:193)
at Runclass.Execution.closeBrowser(Execution.java:193)
at Runclass.Execution.closeBrowser(Execution.java:193)
at Runclass.Execution.closeBrowser(Execution.java:193)
at Runclass.Execution.closeBrowser(Execution.java:193)
at Runclass.Execution.closeBrowser(Execution.java:193)
at Runclass.Execution.closeBrowser(Execution.java:193)
at Runclass.Execution.closeBrowser(Execution.java:193)
at Runclass.Execution.closeBrowser(Execution.java:193)
at Runclass.Execution.closeBrowser(Execution.java:193)
at Runclass.Execution.closeBrowser(Execution.java:193)
at Runclass.Execution.closeBrowser(Execution.java:193)
at Runclass.Execution.closeBrowser(Execution.java:193)
at Runclass.Execution.closeBrowser(Execution.java:193)
at Runclass.Execution.closeBrowser(Execution.java:193)
at Runclass.Execution.closeBrowser(Execution.java:193)
at Runclass.Execution.closeBrowser(Execution.java:193)
at Runclass.Execution.closeBrowser(Execution.java:193)
at Runclass.Execution.closeBrowser(Execution.java:193)
at Runclass.Execution.closeBrowser(Execution.java:193)
at Runclass.Execution.closeBrowser(Execution.java:193)
at Runclass.Execution.closeBrowser(Execution.java:193)
at Runclass.Execution.closeBrowser(Execution.java:193)
at Runclass.Execution.closeBrowser(Execution.java:193)
at Runclass.Execution.closeBrowser(Execution.java:193)
at Runclass.Execution.closeBrowser(Execution.java:193)
[...]
at Runclass.Execution.closeBrowser(Execution.java:193)
at Runclass.Execution.closeBrowser(Execution.java:193)
at Runclass.Execution.closeBrowser(Execution.java:193)
at Runclass.Execution.closeBrowser(Execution.java:193)
at Runclass.Execution.closeBrowser(Execution.java:193)
at Runclass.Execution.closeBrowser(Execution.java:193)
at Runclass.Execution.closeBrowser(Execution.java:193)
at Runclass.Execution.closeBrowser(Execution.java:193)
at Runclass.Execution.closeBrowser(Execution.java:193)
at Runclass.Execution.closeBrowser(Execution.java:193)
at Runclass.Execution.closeBrowser(Execution.java:193)
at Runclass.Execution.closeBrowser(Execution.java:193)
at Runclass.Execution.closeBrowser(Execution.java:193)
at Runclass.Execution.closeBrowser(Execution.java:193)
at Runclass.Execution.closeBrowser(Execution.java:193)
at Runclass.Execution.closeBrowser(Execution.java:193)
at Runclass.Execution.closeBrowser(Execution.java:193)
at Runclass.Execution.closeBrowser(Execution.java:193)
at Runclass.Execution.closeBrowser(Execution.java:193)
at Runclass.Execution.closeBrowser(Execution.java:193)
at Runclass.Execution.closeBrowser(Execution.java:193)
at Runclass.Execution.closeBrowser(Execution.java:193)
at Runclass.Execution.closeBrowser(Execution.java:193)
at Runclass.Execution.closeBrowser(Execution.java:193)
at Runclass.Execution.closeBrowser(Execution.java:193)
at Runclass.Execution.closeBrowser(Execution.java:193)
at Runclass.Execution.closeBrowser(Execution.java:193)
at Runclass.Execution.closeBrowser(Execution.java:193)
at Runclass.Execution.closeBrowser(Execution.java:193)
at Runclass.Execution.closeBrowser(Execution.java:193)
at Runclass.Execution.closeBrowser(Execution.java:193)
at Runclass.Execution.closeBrowser(Execution.java:193)
at Runclass.Execution.closeBrowser(Execution.java:193)
at Runclass.Execution.closeBrowser(Execution.java:193)
at Runclass.Execution.closeBrowser(Execution.java:193)
at Runclass.Execution.closeBrowser(Execution.java:193)
at Runclass.Execution.closeBrowser(Execution.java:193)
at Runclass.Execution.closeBrowser(Execution.java:193)
at Runclass.Execution.closeBrowser(Execution.java:193)
at Runclass.Execution.closeBrowser(Execution.java:193)
at Runclass.Execution.closeBrowser(Execution.java:193)
at Runclass.Execution.closeBrowser(Execution.java:193)
at Runclass.Execution.closeBrowser(Execution.java:193)
at Runclass.Execution.closeBrowser(Execution.java:193)
at Runclass.Execution.closeBrowser(Execution.java:193)
at Runclass.Execution.closeBrowser(Execution.java:193)
at Runclass.Execution.closeBrowser(Execution.java:193)
at Runclass.Execution.closeBrowser(Execution.java:193)
at Runclass.Execution.closeBrowser(Execution.java:193)
at Runclass.Execution.closeBrowser(Execution.java:193)
at Runclass.Execution.closeBrowser(Execution.java:193)
at Runclass.Execution.closeBrowser(Execution.java:193)
at Runclass.Execution.closeBrowser(Execution.java:193)
at Runclass.Execution.closeBrowser(Execution.java:193)
at Runclass.Execution.closeBrowser(Execution.java:193)
at Runclass.Execution.closeBrowser(Execution.java:193)
at Runclass.Execution.closeBrowser(Execution.java:193)
at Runclass.Execution.closeBrowser(Execution.java:193)
at Runclass.Execution.closeBrowser(Execution.java:193)
at Runclass.Execution.closeBrowser(Execution.java:193)
at Runclass.Execution.closeBrowser(Execution.java:193)
at Runclass.Execution.closeBrowser(Execution.java:193)
at Runclass.Execution.closeBrowser(Execution.java:193)
at Runclass.Execution.closeBrowser(Execution.java:193)
at Runclass.Execution.closeBrowser(Execution.java:193)
at Runclass.Execution.closeBrowser(Execution.java:193)
at Runclass.Execution.closeBrowser(Execution.java:193)
at Runclass.Execution.closeBrowser(Execution.java:193)
at Runclass.Execution.closeBrowser(Execution.java:193)
at Runclass.Execution.closeBrowser(Execution.java:193)
at Runclass.Execution.closeBrowser(Execution.java:193)
at Runclass.Execution.closeBrowser(Execution.java:193)
at Runclass.Execution.closeBrowser(Execution.java:193)
at Runclass.Execution.closeBrowser(Execution.java:193)
at Runclass.Execution.closeBrowser(Execution.java:193)
at Runclass.Execution.closeBrowser(Execution.java:193)
at Runclass.Execution.closeBrowser(Execution.java:193)
at Runclass.Execution.closeBrowser(Execution.java:193)
at Runclass.Execution.closeBrowser(Execution.java:193)
at Runclass.Execution.closeBrowser(Execution.java:193)
at Runclass.Execution.closeBrowser(Execution.java:193)
at Runclass.Execution.closeBrowser(Execution.java:193)
at Runclass.Execution.closeBrowser(Execution.java:193)
at Runclass.Execution.closeBrowser(Execution.java:193)
at Runclass.Execution.closeBrowser(Execution.java:193)
at Runclass.Execution.closeBrowser(Execution.java:193)
at Runclass.Execution.closeBrowser(Execution.java:193)
at Runclass.Execution.closeBrowser(Execution.java:193)
at Runclass.Execution.closeBrowser(Execution.java:193)
at Runclass.Execution.closeBrowser(Execution.java:193)
at Runclass.Execution.closeBrowser(Execution.java:193)
at Runclass.Execution.closeBrowser(Execution.java:193)
at Runclass.Execution.closeBrowser(Execution.java:193)
at Runclass.Execution.closeBrowser(Execution.java:193)
at Runclass.Execution.closeBrowser(Execution.java:193)
at Runclass.Execution.closeBrowser(Execution.java:193)
at Runclass.Execution.closeBrowser(Execution.java:193)
at Runclass.Execution.closeBrowser(Execution.java:193)
at Runclass.Execution.closeBrowser(Execution.java:193)
at Runclass.Execution.closeBrowser(Execution.java:193)
at Runclass.Execution.closeBrowser(Execution.java:193)
at Runclass.Execution.closeBrowser(Execution.java:193)
at Runclass.Execution.closeBrowser(Execution.java:193)
at Runclass.Execution.closeBrowser(Execution.java:193)
at Runclass.Execution.closeBrowser(Execution.java:193)
at Runclass.Execution.closeBrowser(Execution.java:193)
at Runclass.Execution.closeBrowser(Execution.java:193)
at Runclass.Execution.closeBrowser(Execution.java:193)
at Runclass.Execution.closeBrowser(Execution.java:193)
at Runclass.Execution.closeBrowser(Execution.java:193)
at Runclass.Execution.closeBrowser(Execution.java:193)
at Runclass.Execution.closeBrowser(Execution.java:193)
at Runclass.Execution.closeBrowser(Execution.java:193)
at Runclass.Execution.closeBrowser(Execution.java:193)
at Runclass.Execution.closeBrowser(Execution.java:193)
at Runclass.Execution.closeBrowser(Execution.java:193)
at Runclass.Execution.closeBrowser(Execution.java:193)
at Runclass.Execution.closeBrowser(Execution.java:193)
at Runclass.Execution.closeBrowser(Execution.java:193)
at Runclass.Execution.closeBrowser(Execution.java:193)
at Runclass.Execution.closeBrowser(Execution.java:193)
at Runclass.Execution.closeBrowser(Execution.java:193)
at Runclass.Execution.closeBrowser(Execution.java:193)
at Runclass.Execution.closeBrowser(Execution.java:193)
at Runclass.Execution.closeBrowser(Execution.java:193)
at Runclass.Execution.closeBrowser(Execution.java:193)
at Runclass.Execution.closeBrowser(Execution.java:193)
at Runclass.Execution.closeBrowser(Execution.java:193)
at Runclass.Execution.closeBrowser(Execution.java:193)
at Runclass.Execution.closeBrowser(Execution.java:193)
at Runclass.Execution.closeBrowser(Execution.java:193)
at Runclass.Execution.closeBrowser(Execution.java:193)
at Runclass.Execution.closeBrowser(Execution.java:193)
at Runclass.Execution.closeBrowser(Execution.java:193)
at Runclass.Execution.closeBrowser(Execution.java:193)
at Runclass.Execution.closeBrowser(Execution.java:193)
at Runclass.Execution.closeBrowser(Execution.java:193)
at Runclass.Execution.closeBrowser(Execution.java:193)
at Runclass.Execution.closeBrowser(Execution.java:193)
at Runclass.Execution.closeBrowser(Execution.java:193)
at Runclass.Execution.closeBrowser(Execution.java:193)
at Runclass.Execution.closeBrowser(Execution.java:193)
at Runclass.Execution.closeBrowser(Execution.java:193)
at Runclass.Execution.closeBrowser(Execution.java:193)
at Runclass.Execution.closeBrowser(Execution.java:193)
at Runclass.Execution.closeBrowser(Execution.java:193)
at Runclass.Execution.closeBrowser(Execution.java:193)
at Runclass.Execution.closeBrowser(Execution.java:193)
at Runclass.Execution.closeBrowser(Execution.java:193)
at Runclass.Execution.closeBrowser(Execution.java:193)
at Runclass.Execution.closeBrowser(Execution.java:193)
at Runclass.Execution.closeBrowser(Execution.java:193)
at Runclass.Execution.closeBrowser(Execution.java:193)
at Runclass.Execution.closeBrowser(Execution.java:193)
at Runclass.Execution.closeBrowser(Execution.java:193)
at Runclass.Execution.closeBrowser(Execution.java:193)
at Runclass.Execution.closeBrowser(Execution.java:193)
at Runclass.Execution.closeBrowser(Execution.java:193)
at Runclass.Execution.closeBrowser(Execution.java:193)
at Runclass.Execution.closeBrowser(Execution.java:193)
at Runclass.Execution.closeBrowser(Execution.java:193)
at Runclass.Execution.closeBrowser(Execution.java:193)
at Runclass.Execution.closeBrowser(Execution.java:193)
at Runclass.Execution.closeBrowser(Execution.java:193)
at Runclass.Execution.closeBrowser(Execution.java:193)
at Runclass.Execution.closeBrowser(Execution.java:193)
at Runclass.Execution.closeBrowser(Execution.java:193)
at Runclass.Execution.closeBrowser(Execution.java:193)
at Runclass.Execution.closeBrowser(Execution.java:193)
at Runclass.Execution.closeBrowser(Execution.java:193)
at Runclass.Execution.closeBrowser(Execution.java:193)
at Runclass.Execution.closeBrowser(Execution.java:193)
at Runclass.Execution.closeBrowser(Execution.java:193)
at Runclass.Execution.closeBrowser(Execution.java:193)
at Runclass.Execution.closeBrowser(Execution.java:193)
at Runclass.Execution.closeBrowser(Execution.java:193)
at Runclass.Execution.closeBrowser(Execution.java:193)
at Runclass.Execution.closeBrowser(Execution.java:193)
at Runclass.Execution.closeBrowser(Execution.java:193)
at Runclass.Execution.closeBrowser(Execution.java:193)
at Runclass.Execution.closeBrowser(Execution.java:193)
at Runclass.Execution.closeBrowser(Execution.java:193)
at Runclass.Execution.closeBrowser(Execution.java:193)
at Runclass.Execution.closeBrowser(Execution.java:193)
at Runclass.Execution.closeBrowser(Execution.java:193)
at Runclass.Execution.closeBrowser(Execution.java:193)
at Runclass.Execution.closeBrowser(Execution.java:193)
at Runclass.Execution.closeBrowser(Execution.java:193)
at Runclass.Execution.closeBrowser(Execution.java:193)
at Runclass.Execution.closeBrowser(Execution.java:193)
at Runclass.Execution.closeBrowser(Execution.java:193)
at Runclass.Execution.closeBrowser(Execution.java:193)
at Runclass.Execution.closeBrowser(Execution.java:193)
at Runclass.Execution.closeBrowser(Execution.java:193)
at Runclass.Execution.closeBrowser(Execution.java:193)
at Runclass.Execution.closeBrowser(Execution.java:193)
at Runclass.Execution.closeBrowser(Execution.java:193)
at Runclass.Execution.closeBrowser(Execution.java:193)
at Runclass.Execution.closeBrowser(Execution.java:193)
at Runclass.Execution.closeBrowser(Execution.java:193)
at Runclass.Execution.closeBrowser(Execution.java:193)
at Runclass.Execution.closeBrowser(Execution.java:193)
at Runclass.Execution.closeBrowser(Execution.java:193)
at Runclass.Execution.closeBrowser(Execution.java:193)
at Runclass.Execution.closeBrowser(Execution.java:193)
at Runclass.Execution.closeBrowser(Execution.java:193)
at Runclass.Execution.closeBrowser(Execution.java:193)
at Runclass.Execution.closeBrowser(Execution.java:193)
at Runclass.Execution.closeBrowser(Execution.java:193)
at Runclass.Execution.closeBrowser(Execution.java:193)
at Runclass.Execution.closeBrowser(Execution.java:193)
at Runclass.Execution.closeBrowser(Execution.java:193)
at Runclass.Execution.closeBrowser(Execution.java:193)
at Runclass.Execution.closeBrowser(Execution.java:193)
at Runclass.Execution.closeBrowser(Execution.java:193)
at Runclass.Execution.closeBrowser(Execution.java:193)
at Runclass.Execution.closeBrowser(Execution.java:193)
at Runclass.Execution.closeBrowser(Execution.java:193)
at Runclass.Execution.closeBrowser(Execution.java:193)
at Runclass.Execution.closeBrowser(Execution.java:193)
at Runclass.Execution.closeBrowser(Execution.java:193)
at Runclass.Execution.closeBrowser(Execution.java:193)
at Runclass.Execution.closeBrowser(Execution.java:193)
at Runclass.Execution.closeBrowser(Execution.java:193)
at Runclass.Execution.closeBrowser(Execution.java:193)
at Runclass.Execution.closeBrowser(Execution.java:193)
at Runclass.Execution.closeBrowser(Execution.java:193)
at Runclass.Execution.closeBrowser(Execution.java:193)
at Runclass.Execution.closeBrowser(Execution.java:193)
at Runclass.Execution.closeBrowser(Execution.java:193)
at Runclass.Execution.closeBrowser(Execution.java:193)
at Runclass.Execution.closeBrowser(Execution.java:193)
at Runclass.Execution.closeBrowser(Execution.java:193)
at Runclass.Execution.closeBrowser(Execution.java:193)
at Runclass.Execution.closeBrowser(Execution.java:193)
at Runclass.Execution.closeBrowser(Execution.java:193)
at Runclass.Execution.closeBrowser(Execution.java:193)
at Runclass.Execution.closeBrowser(Execution.java:193)
at Runclass.Execution.closeBrowser(Execution.java:193)
at Runclass.Execution.closeBrowser(Execution.java:193)
at Runclass.Execution.closeBrowser(Execution.java:193)
at Runclass.Execution.closeBrowser(Execution.java:193)
at Runclass.Execution.closeBrowser(Execution.java:193)
at Runclass.Execution.closeBrowser(Execution.java:193)
at Runclass.Execution.closeBrowser(Execution.java:193)
at Runclass.Execution.closeBrowser(Execution.java:193)
at Runclass.Execution.closeBrowser(Execution.java:193)
at Runclass.Execution.closeBrowser(Execution.java:193)
at Runclass.Execution.closeBrowser(Execution.java:193)
at Runclass.Execution.closeBrowser(Execution.java:193)
at Runclass.Execution.closeBrowser(Execution.java:193)
at Runclass.Execution.closeBrowser(Execution.java:193)
at Runclass.Execution.closeBrowser(Execution.java:193)
at Runclass.Execution.closeBrowser(Execution.java:193)
at Runclass.Execution.closeBrowser(Execution.java:193)
at Runclass.Execution.closeBrowser(Execution.java:193)
at Runclass.Execution.closeBrowser(Execution.java:193)
at Runclass.Execution.closeBrowser(Execution.java:193)
at Runclass.Execution.closeBrowser(Execution.java:193)
at Runclass.Execution.closeBrowser(Execution.java:193)
at Runclass.Execution.closeBrowser(Execution.java:193)
at Runclass.Execution.closeBrowser(Execution.java:193)
at Runclass.Execution.closeBrowser(Execution.java:193)
at Runclass.Execution.closeBrowser(Execution.java:193)
at Runclass.Execution.closeBrowser(Execution.java:193)
at Runclass.Execution.closeBrowser(Execution.java:193)
at Runclass.Execution.closeBrowser(Execution.java:193)
at Runclass.Execution.closeBrowser(Execution.java:193)
at Runclass.Execution.closeBrowser(Execution.java:193)
at Runclass.Execution.closeBrowser(Execution.java:193)
at Runclass.Execution.closeBrowser(Execution.java:193)
at Runclass.Execution.closeBrowser(Execution.java:193)
at Runclass.Execution.closeBrowser(Execution.java:193)
at Runclass.Execution.closeBrowser(Execution.java:193)
at Runclass.Execution.closeBrowser(Execution.java:193)
at Runclass.Execution.closeBrowser(Execution.java:193)
at Runclass.Execution.closeBrowser(Execution.java:193)
at Runclass.Execution.closeBrowser(Execution.java:193)
at Runclass.Execution.closeBrowser(Execution.java:193)
at Runclass.Execution.closeBrowser(Execution.java:193)
at Runclass.Execution.closeBrowser(Execution.java:193)
at Runclass.Execution.closeBrowser(Execution.java:193)
at Runclass.Execution.closeBrowser(Execution.java:193)
at Runclass.Execution.closeBrowser(Execution.java:193)
at Runclass.Execution.closeBrowser(Execution.java:193)
at Runclass.Execution.closeBrowser(Execution.java:193)
at Runclass.Execution.closeBrowser(Execution.java:193)
at Runclass.Execution.closeBrowser(Execution.java:193)
at Runclass.Execution.closeBrowser(Execution.java:193)
at Runclass.Execution.closeBrowser(Execution.java:193)
at Runclass.Execution.closeBrowser(Execution.java:193)
at Runclass.Execution.closeBrowser(Execution.java:193)
at Runclass.Execution.closeBrowser(Execution.java:193)
at Runclass.Execution.closeBrowser(Execution.java:193)
at Runclass.Execution.closeBrowser(Execution.java:193)
at Runclass.Execution.closeBrowser(Execution.java:193)
at Runclass.Execution.closeBrowser(Execution.java:193)
at Runclass.Execution.closeBrowser(Execution.java:193)
at Runclass.Execution.closeBrowser(Execution.java:193)
at Runclass.Execution.closeBrowser(Execution.java:193)
at Runclass.Execution.closeBrowser(Execution.java:193)
at Runclass.Execution.closeBrowser(Execution.java:193)
at Runclass.Execution.closeBrowser(Execution.java:193)
at Runclass.Execution.closeBrowser(Execution.java:193)
at Runclass.Execution.closeBrowser(Execution.java:193)
at Runclass.Execution.closeBrowser(Execution.java:193)
at Runclass.Execution.closeBrowser(Execution.java:193)
at Runclass.Execution.closeBrowser(Execution.java:193)
at Runclass.Execution.closeBrowser(Execution.java:193)
at Runclass.Execution.closeBrowser(Execution.java:193)
at Runclass.Execution.closeBrowser(Execution.java:193)
at Runclass.Execution.closeBrowser(Execution.java:193)
at Runclass.Execution.closeBrowser(Execution.java:193)
at Runclass.Execution.closeBrowser(Execution.java:193)
at Runclass.Execution.closeBrowser(Execution.java:193)
at Runclass.Execution.closeBrowser(Execution.java:193)
at Runclass.Execution.closeBrowser(Execution.java:193)
at Runclass.Execution.closeBrowser(Execution.java:193)
at Runclass.Execution.closeBrowser(Execution.java:193)
at Runclass.Execution.closeBrowser(Execution.java:193)
at Runclass.Execution.closeBrowser(Execution.java:193)
at Runclass.Execution.closeBrowser(Execution.java:193)
at Runclass.Execution.closeBrowser(Execution.java:193)
at Runclass.Execution.closeBrowser(Execution.java:193)
at Runclass.Execution.closeBrowser(Execution.java:193)
at Runclass.Execution.closeBrowser(Execution.java:193)
at Runclass.Execution.closeBrowser(Execution.java:193)
at Runclass.Execution.closeBrowser(Execution.java:193)
at Runclass.Execution.closeBrowser(Execution.java:193)
at Runclass.Execution.closeBrowser(Execution.java:193)
at Runclass.Execution.closeBrowser(Execution.java:193)
at Runclass.Execution.closeBrowser(Execution.java:193)
at Runclass.Execution.closeBrowser(Execution.java:193)
at Runclass.Execution.closeBrowser(Execution.java:193)
at Runclass.Execution.closeBrowser(Execution.java:193)
at Runclass.Execution.closeBrowser(Execution.java:193)
at Runclass.Execution.closeBrowser(Execution.java:193)
at Runclass.Execution.closeBrowser(Execution.java:193)
at Runclass.Execution.closeBrowser(Execution.java:193)
at Runclass.Execution.closeBrowser(Execution.java:193)
at Runclass.Execution.closeBrowser(Execution.java:193)
at Runclass.Execution.closeBrowser(Execution.java:193)
at Runclass.Execution.closeBrowser(Execution.java:193)
at Runclass.Execution.closeBrowser(Execution.java:193)
at Runclass.Execution.closeBrowser(Execution.java:193)
at Runclass.Execution.closeBrowser(Execution.java:193)
at Runclass.Execution.closeBrowser(Execution.java:193)
at Runclass.Execution.closeBrowser(Execution.java:193)
at Runclass.Execution.closeBrowser(Execution.java:193)
at Runclass.Execution.closeBrowser(Execution.java:193)
at Runclass.Execution.closeBrowser(Execution.java:193)
at Runclass.Execution.closeBrowser(Execution.java:193)
at Runclass.Execution.closeBrowser(Execution.java:193)
at Runclass.Execution.closeBrowser(Execution.java:193)
at Runclass.Execution.closeBrowser(Execution.java:193)
at Runclass.Execution.closeBrowser(Execution.java:193)
at Runclass.Execution.closeBrowser(Execution.java:193)
]]>
            </full-stacktrace>
          </exception> <!-- java.lang.StackOverflowError -->
          <reporter-output>
          </reporter-output>
        </test-method> <!-- closeBrowser -->
      </class> <!-- Runclass.Execution -->
    </test> <!-- Default test -->
  </suite> <!-- Default suite -->
</testng-results>
