<?xml version="1.0" encoding="UTF-8"?>
<testng-results total="1" passed="1" failed="0" skipped="0">
  <reporter-output>
  </reporter-output>
  <suite started-at="2023-01-19T11:40:10Z" name="Default suite" finished-at="2023-01-19T11:40:16Z" duration-ms="6603">
    <groups>
    </groups>
    <test started-at="2023-01-19T11:40:10Z" name="Default test" finished-at="2023-01-19T11:40:16Z" duration-ms="6603">
      <class name="Main.CacheFreeBrowser">
        <test-method signature="browserLaunch()[pri:0, instance:Main.CacheFreeBrowser@31ff43be]" started-at="2023-01-19T17:10:10Z" name="browserLaunch" finished-at="2023-01-19T17:10:16Z" duration-ms="6579" status="PASS">
          <reporter-output>
          </reporter-output>
        </test-method> <!-- browserLaunch -->
      </class> <!-- Main.CacheFreeBrowser -->
    </test> <!-- Default test -->
  </suite> <!-- Default suite -->
</testng-results>
